[10.713s] DEBUG:colcon:Command line arguments: ['/usr/bin/colcon', 'build', '--packages-select', 'py_pubsub']
[10.714s] DEBUG:colcon:Parsed command line arguments: Namespace(allow_overriding=[], ament_cmake_args=None, base_paths=['.'], build_base='build', catkin_cmake_args=None, catkin_skip_building_tests=False, cmake_args=None, cmake_clean_cache=False, cmake_clean_first=False, cmake_force_configure=False, cmake_target=None, cmake_target_skip_unavailable=False, continue_on_error=False, event_handlers=None, executor='parallel', ignore_user_meta=False, install_base='install', log_base=None, log_level=None, main=<bound method BuildVerb.main of <colcon_core.verb.build.BuildVerb object at 0xb5eb5280>>, merge_install=False, metas=['./colcon.meta'], packages_above=None, packages_above_and_dependencies=None, packages_above_depth=None, packages_end=None, packages_ignore=None, packages_ignore_regex=None, packages_select=['py_pubsub'], packages_select_build_failed=False, packages_select_by_dep=None, packages_select_regex=None, packages_select_test_failures=False, packages_skip=None, packages_skip_build_finished=False, packages_skip_by_dep=None, packages_skip_regex=None, packages_skip_test_passed=False, packages_skip_up_to=None, packages_start=None, packages_up_to=None, packages_up_to_regex=None, parallel_workers=4, paths=None, symlink_install=False, test_result_base=None, verb_extension=<colcon_core.verb.build.BuildVerb object at 0xb5eb5280>, verb_name='build', verb_parser=<colcon_defaults.argument_parser.defaults.DefaultArgumentsDecorator object at 0xb5b749a0>)
[11.247s] Level 1:colcon.colcon_core.package_discovery:discover_packages(colcon_meta) check parameters
[11.248s] Level 1:colcon.colcon_core.package_discovery:discover_packages(recursive) check parameters
[11.248s] Level 1:colcon.colcon_core.package_discovery:discover_packages(ignore) check parameters
[11.248s] Level 1:colcon.colcon_core.package_discovery:discover_packages(path) check parameters
[11.248s] Level 1:colcon.colcon_core.package_discovery:discover_packages(colcon_meta) discover
[11.248s] Level 1:colcon.colcon_core.package_discovery:discover_packages(recursive) discover
[11.249s] INFO:colcon.colcon_core.package_discovery:Crawling recursively for packages in '/home/ubuntu/ros2_ws'
[11.249s] Level 1:colcon.colcon_core.package_identification:_identify(.) by extensions ['ignore', 'ignore_ament_install']
[11.249s] Level 1:colcon.colcon_core.package_identification:_identify(.) by extension 'ignore'
[11.250s] Level 1:colcon.colcon_core.package_identification:_identify(.) by extension 'ignore_ament_install'
[11.250s] Level 1:colcon.colcon_core.package_identification:_identify(.) by extensions ['colcon_pkg']
[11.250s] Level 1:colcon.colcon_core.package_identification:_identify(.) by extension 'colcon_pkg'
[11.250s] Level 1:colcon.colcon_core.package_identification:_identify(.) by extensions ['colcon_meta']
[11.250s] Level 1:colcon.colcon_core.package_identification:_identify(.) by extension 'colcon_meta'
[11.250s] Level 1:colcon.colcon_core.package_identification:_identify(.) by extensions ['ros']
[11.251s] Level 1:colcon.colcon_core.package_identification:_identify(.) by extension 'ros'
[11.302s] Level 1:colcon.colcon_core.package_identification:_identify(.) by extensions ['cmake', 'python']
[11.302s] Level 1:colcon.colcon_core.package_identification:_identify(.) by extension 'cmake'
[11.302s] Level 1:colcon.colcon_core.package_identification:_identify(.) by extension 'python'
[11.303s] Level 1:colcon.colcon_core.package_identification:_identify(.) by extensions ['python_setup_py']
[11.303s] Level 1:colcon.colcon_core.package_identification:_identify(.) by extension 'python_setup_py'
[11.303s] Level 1:colcon.colcon_core.package_identification:_identify(build) by extensions ['ignore', 'ignore_ament_install']
[11.303s] Level 1:colcon.colcon_core.package_identification:_identify(build) by extension 'ignore'
[11.304s] Level 1:colcon.colcon_core.package_identification:_identify(build) ignored
[11.304s] Level 1:colcon.colcon_core.package_identification:_identify(install) by extensions ['ignore', 'ignore_ament_install']
[11.304s] Level 1:colcon.colcon_core.package_identification:_identify(install) by extension 'ignore'
[11.305s] Level 1:colcon.colcon_core.package_identification:_identify(install) ignored
[11.305s] Level 1:colcon.colcon_core.package_identification:_identify(log) by extensions ['ignore', 'ignore_ament_install']
[11.305s] Level 1:colcon.colcon_core.package_identification:_identify(log) by extension 'ignore'
[11.306s] Level 1:colcon.colcon_core.package_identification:_identify(log) ignored
[11.306s] Level 1:colcon.colcon_core.package_identification:_identify(src) by extensions ['ignore', 'ignore_ament_install']
[11.306s] Level 1:colcon.colcon_core.package_identification:_identify(src) by extension 'ignore'
[11.306s] Level 1:colcon.colcon_core.package_identification:_identify(src) by extension 'ignore_ament_install'
[11.307s] Level 1:colcon.colcon_core.package_identification:_identify(src) by extensions ['colcon_pkg']
[11.307s] Level 1:colcon.colcon_core.package_identification:_identify(src) by extension 'colcon_pkg'
[11.307s] Level 1:colcon.colcon_core.package_identification:_identify(src) by extensions ['colcon_meta']
[11.307s] Level 1:colcon.colcon_core.package_identification:_identify(src) by extension 'colcon_meta'
[11.307s] Level 1:colcon.colcon_core.package_identification:_identify(src) by extensions ['ros']
[11.307s] Level 1:colcon.colcon_core.package_identification:_identify(src) by extension 'ros'
[11.308s] Level 1:colcon.colcon_core.package_identification:_identify(src) by extensions ['cmake', 'python']
[11.308s] Level 1:colcon.colcon_core.package_identification:_identify(src) by extension 'cmake'
[11.308s] Level 1:colcon.colcon_core.package_identification:_identify(src) by extension 'python'
[11.308s] Level 1:colcon.colcon_core.package_identification:_identify(src) by extensions ['python_setup_py']
[11.308s] Level 1:colcon.colcon_core.package_identification:_identify(src) by extension 'python_setup_py'
[11.309s] Level 1:colcon.colcon_core.package_identification:_identify(src/py_pubsub) by extensions ['ignore', 'ignore_ament_install']
[11.309s] Level 1:colcon.colcon_core.package_identification:_identify(src/py_pubsub) by extension 'ignore'
[11.309s] Level 1:colcon.colcon_core.package_identification:_identify(src/py_pubsub) by extension 'ignore_ament_install'
[11.309s] Level 1:colcon.colcon_core.package_identification:_identify(src/py_pubsub) by extensions ['colcon_pkg']
[11.310s] Level 1:colcon.colcon_core.package_identification:_identify(src/py_pubsub) by extension 'colcon_pkg'
[11.310s] Level 1:colcon.colcon_core.package_identification:_identify(src/py_pubsub) by extensions ['colcon_meta']
[11.310s] Level 1:colcon.colcon_core.package_identification:_identify(src/py_pubsub) by extension 'colcon_meta'
[11.310s] Level 1:colcon.colcon_core.package_identification:_identify(src/py_pubsub) by extensions ['ros']
[11.310s] Level 1:colcon.colcon_core.package_identification:_identify(src/py_pubsub) by extension 'ros'
[11.321s] DEBUG:colcon.colcon_core.package_identification:Package 'src/py_pubsub' with type 'ros.ament_python' and name 'py_pubsub'
[11.321s] Level 1:colcon.colcon_core.package_discovery:discover_packages(recursive) using defaults
[11.322s] Level 1:colcon.colcon_core.package_discovery:discover_packages(ignore) discover
[11.322s] Level 1:colcon.colcon_core.package_discovery:discover_packages(ignore) using defaults
[11.322s] Level 1:colcon.colcon_core.package_discovery:discover_packages(path) discover
[11.322s] Level 1:colcon.colcon_core.package_discovery:discover_packages(path) using defaults
[12.386s] Level 1:colcon.colcon_core.package_discovery:discover_packages(prefix_path) check parameters
[12.386s] Level 1:colcon.colcon_core.package_discovery:discover_packages(prefix_path) discover
[12.806s] DEBUG:colcon.colcon_installed_package_information.package_discovery:Found 3 installed packages in /home/ubuntu/ros2_ws/install
[13.024s] DEBUG:colcon.colcon_installed_package_information.package_discovery:Found 311 installed packages in /home/ubuntu/ros2_foxy/install
[13.033s] Level 1:colcon.colcon_core.package_discovery:discover_packages(prefix_path) using defaults
[13.496s] Level 5:colcon.colcon_core.verb:set package 'py_pubsub' build argument 'cmake_args' from command line to 'None'
[13.496s] Level 5:colcon.colcon_core.verb:set package 'py_pubsub' build argument 'cmake_target' from command line to 'None'
[13.496s] Level 5:colcon.colcon_core.verb:set package 'py_pubsub' build argument 'cmake_target_skip_unavailable' from command line to 'False'
[13.496s] Level 5:colcon.colcon_core.verb:set package 'py_pubsub' build argument 'cmake_clean_cache' from command line to 'False'
[13.497s] Level 5:colcon.colcon_core.verb:set package 'py_pubsub' build argument 'cmake_clean_first' from command line to 'False'
[13.497s] Level 5:colcon.colcon_core.verb:set package 'py_pubsub' build argument 'cmake_force_configure' from command line to 'False'
[13.497s] Level 5:colcon.colcon_core.verb:set package 'py_pubsub' build argument 'ament_cmake_args' from command line to 'None'
[13.497s] Level 5:colcon.colcon_core.verb:set package 'py_pubsub' build argument 'catkin_cmake_args' from command line to 'None'
[13.497s] Level 5:colcon.colcon_core.verb:set package 'py_pubsub' build argument 'catkin_skip_building_tests' from command line to 'False'
[13.497s] DEBUG:colcon.colcon_core.verb:Building package 'py_pubsub' with the following arguments: {'ament_cmake_args': None, 'build_base': '/home/ubuntu/ros2_ws/build/py_pubsub', 'catkin_cmake_args': None, 'catkin_skip_building_tests': False, 'cmake_args': None, 'cmake_clean_cache': False, 'cmake_clean_first': False, 'cmake_force_configure': False, 'cmake_target': None, 'cmake_target_skip_unavailable': False, 'install_base': '/home/ubuntu/ros2_ws/install/py_pubsub', 'merge_install': False, 'path': '/home/ubuntu/ros2_ws/src/py_pubsub', 'symlink_install': False, 'test_result_base': None}
[13.671s] INFO:colcon.colcon_core.executor:Executing jobs using 'parallel' executor
[13.849s] DEBUG:colcon.colcon_parallel_executor.executor.parallel:run_until_complete
[13.849s] INFO:colcon.colcon_ros.task.ament_python.build:Building ROS package in '/home/ubuntu/ros2_ws/src/py_pubsub' with build type 'ament_python'
[13.850s] Level 1:colcon.colcon_core.shell:create_environment_hook('py_pubsub', 'ament_prefix_path')
[14.056s] INFO:colcon.colcon_core.plugin_system:Skipping extension 'colcon_core.shell.bat': Not used on non-Windows systems
[14.057s] INFO:colcon.colcon_core.shell:Creating environment hook '/home/ubuntu/ros2_ws/install/py_pubsub/share/py_pubsub/hook/ament_prefix_path.ps1'
[14.060s] INFO:colcon.colcon_core.shell:Creating environment descriptor '/home/ubuntu/ros2_ws/install/py_pubsub/share/py_pubsub/hook/ament_prefix_path.dsv'
[14.061s] INFO:colcon.colcon_core.shell:Creating environment hook '/home/ubuntu/ros2_ws/install/py_pubsub/share/py_pubsub/hook/ament_prefix_path.sh'
[14.244s] INFO:colcon.colcon_core.shell:Skip shell extension 'powershell' for command environment: Not usable outside of PowerShell
[14.244s] DEBUG:colcon.colcon_core.shell:Skip shell extension 'dsv' for command environment
[18.535s] INFO:colcon.colcon_core.task.python.build:Building Python package in '/home/ubuntu/ros2_ws/src/py_pubsub'
[18.743s] INFO:colcon.colcon_core.shell:Skip shell extension 'powershell' for command environment: Not usable outside of PowerShell
[18.743s] DEBUG:colcon.colcon_core.shell:Skip shell extension 'dsv' for command environment
[23.908s] DEBUG:colcon.colcon_core.event_handler.log_command:Invoking command in '/home/ubuntu/ros2_ws/src/py_pubsub': PYTHONPATH=/home/ubuntu/ros2_ws/build/py_pubsub/prefix_override:/home/ubuntu/ros2_ws/install/py_pubsub/lib/python3.8/site-packages:${PYTHONPATH} /usr/bin/python3 setup.py egg_info --egg-base ../../build/py_pubsub build --build-base /home/ubuntu/ros2_ws/build/py_pubsub/build install --record /home/ubuntu/ros2_ws/build/py_pubsub/install.log --install-scripts $base/lib/py_pubsub --single-version-externally-managed
[27.926s] DEBUG:colcon.colcon_core.event_handler.log_command:Invoked command in '/home/ubuntu/ros2_ws/src/py_pubsub' returned '0': PYTHONPATH=/home/ubuntu/ros2_ws/build/py_pubsub/prefix_override:/home/ubuntu/ros2_ws/install/py_pubsub/lib/python3.8/site-packages:${PYTHONPATH} /usr/bin/python3 setup.py egg_info --egg-base ../../build/py_pubsub build --build-base /home/ubuntu/ros2_ws/build/py_pubsub/build install --record /home/ubuntu/ros2_ws/build/py_pubsub/install.log --install-scripts $base/lib/py_pubsub --single-version-externally-managed
[28.126s] Level 1:colcon.colcon_core.environment:checking '/home/ubuntu/ros2_ws/install/py_pubsub' for CMake module files
[28.128s] Level 1:colcon.colcon_core.environment:checking '/home/ubuntu/ros2_ws/install/py_pubsub' for CMake config files
[28.130s] Level 1:colcon.colcon_core.environment:checking '/home/ubuntu/ros2_ws/install/py_pubsub/lib'
[28.131s] Level 1:colcon.colcon_core.environment:checking '/home/ubuntu/ros2_ws/install/py_pubsub/bin'
[28.131s] Level 1:colcon.colcon_core.environment:checking '/home/ubuntu/ros2_ws/install/py_pubsub/lib/pkgconfig/py_pubsub.pc'
[28.132s] Level 1:colcon.colcon_core.environment:checking '/home/ubuntu/ros2_ws/install/py_pubsub/lib/python3.8/site-packages'
[28.132s] Level 1:colcon.colcon_core.shell:create_environment_hook('py_pubsub', 'pythonpath')
[28.303s] INFO:colcon.colcon_core.shell:Creating environment hook '/home/ubuntu/ros2_ws/install/py_pubsub/share/py_pubsub/hook/pythonpath.ps1'
[28.305s] INFO:colcon.colcon_core.shell:Creating environment descriptor '/home/ubuntu/ros2_ws/install/py_pubsub/share/py_pubsub/hook/pythonpath.dsv'
[28.306s] INFO:colcon.colcon_core.shell:Creating environment hook '/home/ubuntu/ros2_ws/install/py_pubsub/share/py_pubsub/hook/pythonpath.sh'
[28.308s] Level 1:colcon.colcon_core.environment:checking '/home/ubuntu/ros2_ws/install/py_pubsub/bin'
[28.308s] Level 1:colcon.colcon_core.environment:create_environment_scripts_only(py_pubsub)
[28.479s] INFO:colcon.colcon_core.shell:Creating package script '/home/ubuntu/ros2_ws/install/py_pubsub/share/py_pubsub/package.ps1'
[28.482s] INFO:colcon.colcon_core.shell:Creating package descriptor '/home/ubuntu/ros2_ws/install/py_pubsub/share/py_pubsub/package.dsv'
[28.484s] INFO:colcon.colcon_core.shell:Creating package script '/home/ubuntu/ros2_ws/install/py_pubsub/share/py_pubsub/package.sh'
[28.487s] INFO:colcon.colcon_core.shell:Creating package script '/home/ubuntu/ros2_ws/install/py_pubsub/share/py_pubsub/package.bash'
[28.490s] INFO:colcon.colcon_core.shell:Creating package script '/home/ubuntu/ros2_ws/install/py_pubsub/share/py_pubsub/package.zsh'
[28.493s] Level 1:colcon.colcon_core.environment:create_file_with_runtime_dependencies(/home/ubuntu/ros2_ws/install/py_pubsub/share/colcon-core/packages/py_pubsub)
[28.494s] DEBUG:colcon.colcon_parallel_executor.executor.parallel:closing loop
[28.495s] DEBUG:colcon.colcon_parallel_executor.executor.parallel:loop closed
[28.496s] DEBUG:colcon.colcon_parallel_executor.executor.parallel:run_until_complete finished with '0'
[28.496s] DEBUG:colcon.colcon_core.event_reactor:joining thread
[28.722s] INFO:colcon.colcon_core.plugin_system:Skipping extension 'colcon_notification.desktop_notification.notify_send': Could not find 'notify-send'
[28.722s] INFO:colcon.colcon_core.plugin_system:Skipping extension 'colcon_notification.desktop_notification.terminal_notifier': Not used on non-Darwin systems
[28.722s] INFO:colcon.colcon_core.plugin_system:Skipping extension 'colcon_notification.desktop_notification.win32': Not used on non-Windows systems
[28.723s] INFO:colcon.colcon_notification.desktop_notification:Sending desktop notification using 'notify2'
[28.725s] DEBUG:colcon.colcon_notification.desktop_notification.notify2:Failed to initialize notify2: org.freedesktop.DBus.Error.ServiceUnknown: The name org.freedesktop.Notifications was not provided by any .service files
[28.725s] DEBUG:colcon.colcon_core.event_reactor:joined thread
[28.895s] INFO:colcon.colcon_core.shell:Creating prefix script '/home/ubuntu/ros2_ws/install/local_setup.ps1'
[28.898s] INFO:colcon.colcon_core.shell:Creating prefix util module '/home/ubuntu/ros2_ws/install/_local_setup_util_ps1.py'
[28.903s] INFO:colcon.colcon_core.shell:Creating prefix chain script '/home/ubuntu/ros2_ws/install/setup.ps1'
[29.123s] INFO:colcon.colcon_core.shell:Creating prefix script '/home/ubuntu/ros2_ws/install/local_setup.sh'
[29.125s] INFO:colcon.colcon_core.shell:Creating prefix util module '/home/ubuntu/ros2_ws/install/_local_setup_util_sh.py'
[29.127s] INFO:colcon.colcon_core.shell:Creating prefix chain script '/home/ubuntu/ros2_ws/install/setup.sh'
[29.347s] INFO:colcon.colcon_core.shell:Creating prefix script '/home/ubuntu/ros2_ws/install/local_setup.bash'
[29.349s] INFO:colcon.colcon_core.shell:Creating prefix chain script '/home/ubuntu/ros2_ws/install/setup.bash'
[29.570s] INFO:colcon.colcon_core.shell:Creating prefix script '/home/ubuntu/ros2_ws/install/local_setup.zsh'
[29.572s] INFO:colcon.colcon_core.shell:Creating prefix chain script '/home/ubuntu/ros2_ws/install/setup.zsh'
