running egg_info
creating ../../build/bno055_driver/bno055_driver.egg-info
writing ../../build/bno055_driver/bno055_driver.egg-info/PKG-INFO
writing dependency_links to ../../build/bno055_driver/bno055_driver.egg-info/dependency_links.txt
writing entry points to ../../build/bno055_driver/bno055_driver.egg-info/entry_points.txt
writing requirements to ../../build/bno055_driver/bno055_driver.egg-info/requires.txt
writing top-level names to ../../build/bno055_driver/bno055_driver.egg-info/top_level.txt
writing manifest file '../../build/bno055_driver/bno055_driver.egg-info/SOURCES.txt'
reading manifest file '../../build/bno055_driver/bno055_driver.egg-info/SOURCES.txt'
writing manifest file '../../build/bno055_driver/bno055_driver.egg-info/SOURCES.txt'
running build
running build_py
creating /home/ubuntu/ros2_ws/build/bno055_driver/build
creating /home/ubuntu/ros2_ws/build/bno055_driver/build/lib
creating /home/ubuntu/ros2_ws/build/bno055_driver/build/lib/bno055_driver
copying bno055_driver/__init__.py -> /home/ubuntu/ros2_ws/build/bno055_driver/build/lib/bno055_driver
copying bno055_driver/imu_test.py -> /home/ubuntu/ros2_ws/build/bno055_driver/build/lib/bno055_driver
copying bno055_driver/bno055_driver.py -> /home/ubuntu/ros2_ws/build/bno055_driver/build/lib/bno055_driver
running install
running install_lib
creating /home/ubuntu/ros2_ws/install/bno055_driver/lib/python3.8/site-packages/bno055_driver
copying /home/ubuntu/ros2_ws/build/bno055_driver/build/lib/bno055_driver/__init__.py -> /home/ubuntu/ros2_ws/install/bno055_driver/lib/python3.8/site-packages/bno055_driver
copying /home/ubuntu/ros2_ws/build/bno055_driver/build/lib/bno055_driver/imu_test.py -> /home/ubuntu/ros2_ws/install/bno055_driver/lib/python3.8/site-packages/bno055_driver
copying /home/ubuntu/ros2_ws/build/bno055_driver/build/lib/bno055_driver/bno055_driver.py -> /home/ubuntu/ros2_ws/install/bno055_driver/lib/python3.8/site-packages/bno055_driver
byte-compiling /home/ubuntu/ros2_ws/install/bno055_driver/lib/python3.8/site-packages/bno055_driver/__init__.py to __init__.cpython-38.pyc
byte-compiling /home/ubuntu/ros2_ws/install/bno055_driver/lib/python3.8/site-packages/bno055_driver/imu_test.py to imu_test.cpython-38.pyc
byte-compiling /home/ubuntu/ros2_ws/install/bno055_driver/lib/python3.8/site-packages/bno055_driver/bno055_driver.py to bno055_driver.cpython-38.pyc
running install_data
creating /home/ubuntu/ros2_ws/install/bno055_driver/share/ament_index
creating /home/ubuntu/ros2_ws/install/bno055_driver/share/ament_index/resource_index
creating /home/ubuntu/ros2_ws/install/bno055_driver/share/ament_index/resource_index/packages
copying resource/bno055_driver -> /home/ubuntu/ros2_ws/install/bno055_driver/share/ament_index/resource_index/packages
copying package.xml -> /home/ubuntu/ros2_ws/install/bno055_driver/share/bno055_driver
copying launch/imu.launch.py -> /home/ubuntu/ros2_ws/install/bno055_driver/share/bno055_driver
creating /home/ubuntu/ros2_ws/install/bno055_driver/share/bno055_driver/config
copying config/params.yaml -> /home/ubuntu/ros2_ws/install/bno055_driver/share/bno055_driver/config
running install_egg_info
Copying ../../build/bno055_driver/bno055_driver.egg-info to /home/ubuntu/ros2_ws/install/bno055_driver/lib/python3.8/site-packages/bno055_driver-1.0.0-py3.8.egg-info
running install_scripts
Installing bno055_driver script to /home/ubuntu/ros2_ws/install/bno055_driver/lib/bno055_driver
writing list of installed files to '/home/ubuntu/ros2_ws/build/bno055_driver/install.log'
