[9.887s] Invoking command in '/home/ubuntu/ros2_ws/src/bno055_driver': PYTHONPATH=/home/ubuntu/ros2_ws/build/bno055_driver/prefix_override:/home/ubuntu/ros2_ws/install/bno055_driver/lib/python3.8/site-packages:${PYTHONPATH} /usr/bin/python3 setup.py egg_info --egg-base ../../build/bno055_driver build --build-base /home/ubuntu/ros2_ws/build/bno055_driver/build install --record /home/ubuntu/ros2_ws/build/bno055_driver/install.log --install-scripts $base/lib/bno055_driver --single-version-externally-managed
[13.430s] running egg_info
[13.432s] creating ../../build/bno055_driver/bno055_driver.egg-info
[13.432s] writing ../../build/bno055_driver/bno055_driver.egg-info/PKG-INFO
[13.433s] writing dependency_links to ../../build/bno055_driver/bno055_driver.egg-info/dependency_links.txt
[13.434s] writing entry points to ../../build/bno055_driver/bno055_driver.egg-info/entry_points.txt
[13.434s] writing requirements to ../../build/bno055_driver/bno055_driver.egg-info/requires.txt
[13.435s] writing top-level names to ../../build/bno055_driver/bno055_driver.egg-info/top_level.txt
[13.463s] writing manifest file '../../build/bno055_driver/bno055_driver.egg-info/SOURCES.txt'
[13.643s] reading manifest file '../../build/bno055_driver/bno055_driver.egg-info/SOURCES.txt'
[13.646s] writing manifest file '../../build/bno055_driver/bno055_driver.egg-info/SOURCES.txt'
[13.647s] running build
[13.647s] running build_py
[13.648s] creating /home/ubuntu/ros2_ws/build/bno055_driver/build
[13.648s] creating /home/ubuntu/ros2_ws/build/bno055_driver/build/lib
[13.649s] creating /home/ubuntu/ros2_ws/build/bno055_driver/build/lib/bno055_driver
[13.649s] copying bno055_driver/__init__.py -> /home/ubuntu/ros2_ws/build/bno055_driver/build/lib/bno055_driver
[13.650s] copying bno055_driver/imu_test.py -> /home/ubuntu/ros2_ws/build/bno055_driver/build/lib/bno055_driver
[13.650s] copying bno055_driver/bno055_driver.py -> /home/ubuntu/ros2_ws/build/bno055_driver/build/lib/bno055_driver
[13.651s] running install
[13.662s] running install_lib
[13.665s] creating /home/ubuntu/ros2_ws/install/bno055_driver/lib/python3.8/site-packages/bno055_driver
[13.666s] copying /home/ubuntu/ros2_ws/build/bno055_driver/build/lib/bno055_driver/__init__.py -> /home/ubuntu/ros2_ws/install/bno055_driver/lib/python3.8/site-packages/bno055_driver
[13.666s] copying /home/ubuntu/ros2_ws/build/bno055_driver/build/lib/bno055_driver/imu_test.py -> /home/ubuntu/ros2_ws/install/bno055_driver/lib/python3.8/site-packages/bno055_driver
[13.667s] copying /home/ubuntu/ros2_ws/build/bno055_driver/build/lib/bno055_driver/bno055_driver.py -> /home/ubuntu/ros2_ws/install/bno055_driver/lib/python3.8/site-packages/bno055_driver
[13.678s] byte-compiling /home/ubuntu/ros2_ws/install/bno055_driver/lib/python3.8/site-packages/bno055_driver/__init__.py to __init__.cpython-38.pyc
[13.682s] byte-compiling /home/ubuntu/ros2_ws/install/bno055_driver/lib/python3.8/site-packages/bno055_driver/imu_test.py to imu_test.cpython-38.pyc
[13.683s] byte-compiling /home/ubuntu/ros2_ws/install/bno055_driver/lib/python3.8/site-packages/bno055_driver/bno055_driver.py to bno055_driver.cpython-38.pyc
[13.686s] running install_data
[13.688s] creating /home/ubuntu/ros2_ws/install/bno055_driver/share/ament_index
[13.688s] creating /home/ubuntu/ros2_ws/install/bno055_driver/share/ament_index/resource_index
[13.689s] creating /home/ubuntu/ros2_ws/install/bno055_driver/share/ament_index/resource_index/packages
[13.689s] copying resource/bno055_driver -> /home/ubuntu/ros2_ws/install/bno055_driver/share/ament_index/resource_index/packages
[13.690s] copying package.xml -> /home/ubuntu/ros2_ws/install/bno055_driver/share/bno055_driver
[13.690s] copying launch/imu.launch.py -> /home/ubuntu/ros2_ws/install/bno055_driver/share/bno055_driver
[13.691s] creating /home/ubuntu/ros2_ws/install/bno055_driver/share/bno055_driver/config
[13.691s] copying config/params.yaml -> /home/ubuntu/ros2_ws/install/bno055_driver/share/bno055_driver/config
[13.691s] running install_egg_info
[13.706s] Copying ../../build/bno055_driver/bno055_driver.egg-info to /home/ubuntu/ros2_ws/install/bno055_driver/lib/python3.8/site-packages/bno055_driver-1.0.0-py3.8.egg-info
[13.709s] running install_scripts
[13.836s] Installing bno055_driver script to /home/ubuntu/ros2_ws/install/bno055_driver/lib/bno055_driver
[13.837s] writing list of installed files to '/home/ubuntu/ros2_ws/build/bno055_driver/install.log'
[13.916s] Invoked command in '/home/ubuntu/ros2_ws/src/bno055_driver' returned '0': PYTHONPATH=/home/ubuntu/ros2_ws/build/bno055_driver/prefix_override:/home/ubuntu/ros2_ws/install/bno055_driver/lib/python3.8/site-packages:${PYTHONPATH} /usr/bin/python3 setup.py egg_info --egg-base ../../build/bno055_driver build --build-base /home/ubuntu/ros2_ws/build/bno055_driver/build install --record /home/ubuntu/ros2_ws/build/bno055_driver/install.log --install-scripts $base/lib/bno055_driver --single-version-externally-managed
