[5.444s] DEBUG:colcon:Command line arguments: ['/usr/bin/colcon', 'build', '--packages-select', 'py_serialinput']
[5.444s] DEBUG:colcon:Parsed command line arguments: Namespace(allow_overriding=[], ament_cmake_args=None, base_paths=['.'], build_base='build', catkin_cmake_args=None, catkin_skip_building_tests=False, cmake_args=None, cmake_clean_cache=False, cmake_clean_first=False, cmake_force_configure=False, cmake_target=None, cmake_target_skip_unavailable=False, continue_on_error=False, event_handlers=None, executor='parallel', ignore_user_meta=False, install_base='install', log_base=None, log_level=None, main=<bound method BuildVerb.main of <colcon_core.verb.build.BuildVerb object at 0xb5f7d490>>, merge_install=False, metas=['./colcon.meta'], packages_above=None, packages_above_and_dependencies=None, packages_above_depth=None, packages_end=None, packages_ignore=None, packages_ignore_regex=None, packages_select=['py_serialinput'], packages_select_build_failed=False, packages_select_by_dep=None, packages_select_regex=None, packages_select_test_failures=False, packages_skip=None, packages_skip_build_finished=False, packages_skip_by_dep=None, packages_skip_regex=None, packages_skip_test_passed=False, packages_skip_up_to=None, packages_start=None, packages_up_to=None, packages_up_to_regex=None, parallel_workers=4, paths=None, symlink_install=False, test_result_base=None, verb_extension=<colcon_core.verb.build.BuildVerb object at 0xb5f7d490>, verb_name='build', verb_parser=<colcon_defaults.argument_parser.defaults.DefaultArgumentsDecorator object at 0xb5c71dd8>)
[5.689s] Level 1:colcon.colcon_core.package_discovery:discover_packages(colcon_meta) check parameters
[5.689s] Level 1:colcon.colcon_core.package_discovery:discover_packages(recursive) check parameters
[5.689s] Level 1:colcon.colcon_core.package_discovery:discover_packages(ignore) check parameters
[5.689s] Level 1:colcon.colcon_core.package_discovery:discover_packages(path) check parameters
[5.689s] Level 1:colcon.colcon_core.package_discovery:discover_packages(colcon_meta) discover
[5.690s] Level 1:colcon.colcon_core.package_discovery:discover_packages(recursive) discover
[5.690s] INFO:colcon.colcon_core.package_discovery:Crawling recursively for packages in '/home/ubuntu/ros2_ws'
[5.690s] Level 1:colcon.colcon_core.package_identification:_identify(.) by extensions ['ignore', 'ignore_ament_install']
[5.690s] Level 1:colcon.colcon_core.package_identification:_identify(.) by extension 'ignore'
[5.691s] Level 1:colcon.colcon_core.package_identification:_identify(.) by extension 'ignore_ament_install'
[5.691s] Level 1:colcon.colcon_core.package_identification:_identify(.) by extensions ['colcon_pkg']
[5.691s] Level 1:colcon.colcon_core.package_identification:_identify(.) by extension 'colcon_pkg'
[5.691s] Level 1:colcon.colcon_core.package_identification:_identify(.) by extensions ['colcon_meta']
[5.691s] Level 1:colcon.colcon_core.package_identification:_identify(.) by extension 'colcon_meta'
[5.691s] Level 1:colcon.colcon_core.package_identification:_identify(.) by extensions ['ros']
[5.691s] Level 1:colcon.colcon_core.package_identification:_identify(.) by extension 'ros'
[5.732s] Level 1:colcon.colcon_core.package_identification:_identify(.) by extensions ['cmake', 'python']
[5.732s] Level 1:colcon.colcon_core.package_identification:_identify(.) by extension 'cmake'
[5.732s] Level 1:colcon.colcon_core.package_identification:_identify(.) by extension 'python'
[5.733s] Level 1:colcon.colcon_core.package_identification:_identify(.) by extensions ['python_setup_py']
[5.733s] Level 1:colcon.colcon_core.package_identification:_identify(.) by extension 'python_setup_py'
[5.733s] Level 1:colcon.colcon_core.package_identification:_identify(build) by extensions ['ignore', 'ignore_ament_install']
[5.733s] Level 1:colcon.colcon_core.package_identification:_identify(build) by extension 'ignore'
[5.734s] Level 1:colcon.colcon_core.package_identification:_identify(build) ignored
[5.734s] Level 1:colcon.colcon_core.package_identification:_identify(install) by extensions ['ignore', 'ignore_ament_install']
[5.734s] Level 1:colcon.colcon_core.package_identification:_identify(install) by extension 'ignore'
[5.735s] Level 1:colcon.colcon_core.package_identification:_identify(install) ignored
[5.735s] Level 1:colcon.colcon_core.package_identification:_identify(log) by extensions ['ignore', 'ignore_ament_install']
[5.735s] Level 1:colcon.colcon_core.package_identification:_identify(log) by extension 'ignore'
[5.735s] Level 1:colcon.colcon_core.package_identification:_identify(log) ignored
[5.736s] Level 1:colcon.colcon_core.package_identification:_identify(src) by extensions ['ignore', 'ignore_ament_install']
[5.736s] Level 1:colcon.colcon_core.package_identification:_identify(src) by extension 'ignore'
[5.736s] Level 1:colcon.colcon_core.package_identification:_identify(src) by extension 'ignore_ament_install'
[5.736s] Level 1:colcon.colcon_core.package_identification:_identify(src) by extensions ['colcon_pkg']
[5.736s] Level 1:colcon.colcon_core.package_identification:_identify(src) by extension 'colcon_pkg'
[5.737s] Level 1:colcon.colcon_core.package_identification:_identify(src) by extensions ['colcon_meta']
[5.737s] Level 1:colcon.colcon_core.package_identification:_identify(src) by extension 'colcon_meta'
[5.737s] Level 1:colcon.colcon_core.package_identification:_identify(src) by extensions ['ros']
[5.737s] Level 1:colcon.colcon_core.package_identification:_identify(src) by extension 'ros'
[5.737s] Level 1:colcon.colcon_core.package_identification:_identify(src) by extensions ['cmake', 'python']
[5.737s] Level 1:colcon.colcon_core.package_identification:_identify(src) by extension 'cmake'
[5.738s] Level 1:colcon.colcon_core.package_identification:_identify(src) by extension 'python'
[5.738s] Level 1:colcon.colcon_core.package_identification:_identify(src) by extensions ['python_setup_py']
[5.738s] Level 1:colcon.colcon_core.package_identification:_identify(src) by extension 'python_setup_py'
[5.738s] Level 1:colcon.colcon_core.package_identification:_identify(src/py_serialinput) by extensions ['ignore', 'ignore_ament_install']
[5.738s] Level 1:colcon.colcon_core.package_identification:_identify(src/py_serialinput) by extension 'ignore'
[5.739s] Level 1:colcon.colcon_core.package_identification:_identify(src/py_serialinput) by extension 'ignore_ament_install'
[5.739s] Level 1:colcon.colcon_core.package_identification:_identify(src/py_serialinput) by extensions ['colcon_pkg']
[5.739s] Level 1:colcon.colcon_core.package_identification:_identify(src/py_serialinput) by extension 'colcon_pkg'
[5.739s] Level 1:colcon.colcon_core.package_identification:_identify(src/py_serialinput) by extensions ['colcon_meta']
[5.739s] Level 1:colcon.colcon_core.package_identification:_identify(src/py_serialinput) by extension 'colcon_meta'
[5.739s] Level 1:colcon.colcon_core.package_identification:_identify(src/py_serialinput) by extensions ['ros']
[5.739s] Level 1:colcon.colcon_core.package_identification:_identify(src/py_serialinput) by extension 'ros'
[5.747s] DEBUG:colcon.colcon_core.package_identification:Package 'src/py_serialinput' with type 'ros.ament_python' and name 'py_serialinput'
[5.748s] Level 1:colcon.colcon_core.package_discovery:discover_packages(recursive) using defaults
[5.748s] Level 1:colcon.colcon_core.package_discovery:discover_packages(ignore) discover
[5.748s] Level 1:colcon.colcon_core.package_discovery:discover_packages(ignore) using defaults
[5.748s] Level 1:colcon.colcon_core.package_discovery:discover_packages(path) discover
[5.748s] Level 1:colcon.colcon_core.package_discovery:discover_packages(path) using defaults
[6.234s] Level 1:colcon.colcon_core.package_discovery:discover_packages(prefix_path) check parameters
[6.234s] Level 1:colcon.colcon_core.package_discovery:discover_packages(prefix_path) discover
[6.322s] Level 1:colcon.colcon_core.package_discovery:discover_packages(prefix_path) using defaults
[6.497s] Level 5:colcon.colcon_core.verb:set package 'py_serialinput' build argument 'cmake_args' from command line to 'None'
[6.497s] Level 5:colcon.colcon_core.verb:set package 'py_serialinput' build argument 'cmake_target' from command line to 'None'
[6.498s] Level 5:colcon.colcon_core.verb:set package 'py_serialinput' build argument 'cmake_target_skip_unavailable' from command line to 'False'
[6.498s] Level 5:colcon.colcon_core.verb:set package 'py_serialinput' build argument 'cmake_clean_cache' from command line to 'False'
[6.498s] Level 5:colcon.colcon_core.verb:set package 'py_serialinput' build argument 'cmake_clean_first' from command line to 'False'
[6.498s] Level 5:colcon.colcon_core.verb:set package 'py_serialinput' build argument 'cmake_force_configure' from command line to 'False'
[6.498s] Level 5:colcon.colcon_core.verb:set package 'py_serialinput' build argument 'ament_cmake_args' from command line to 'None'
[6.498s] Level 5:colcon.colcon_core.verb:set package 'py_serialinput' build argument 'catkin_cmake_args' from command line to 'None'
[6.498s] Level 5:colcon.colcon_core.verb:set package 'py_serialinput' build argument 'catkin_skip_building_tests' from command line to 'False'
[6.498s] DEBUG:colcon.colcon_core.verb:Building package 'py_serialinput' with the following arguments: {'ament_cmake_args': None, 'build_base': '/home/ubuntu/ros2_ws/build/py_serialinput', 'catkin_cmake_args': None, 'catkin_skip_building_tests': False, 'cmake_args': None, 'cmake_clean_cache': False, 'cmake_clean_first': False, 'cmake_force_configure': False, 'cmake_target': None, 'cmake_target_skip_unavailable': False, 'install_base': '/home/ubuntu/ros2_ws/install/py_serialinput', 'merge_install': False, 'path': '/home/ubuntu/ros2_ws/src/py_serialinput', 'symlink_install': False, 'test_result_base': None}
[6.583s] INFO:colcon.colcon_core.executor:Executing jobs using 'parallel' executor
[6.697s] DEBUG:colcon.colcon_parallel_executor.executor.parallel:run_until_complete
[6.698s] INFO:colcon.colcon_ros.task.ament_python.build:Building ROS package in '/home/ubuntu/ros2_ws/src/py_serialinput' with build type 'ament_python'
[6.698s] Level 1:colcon.colcon_core.shell:create_environment_hook('py_serialinput', 'ament_prefix_path')
[6.792s] INFO:colcon.colcon_core.plugin_system:Skipping extension 'colcon_core.shell.bat': Not used on non-Windows systems
[6.793s] INFO:colcon.colcon_core.shell:Creating environment hook '/home/ubuntu/ros2_ws/install/py_serialinput/share/py_serialinput/hook/ament_prefix_path.ps1'
[6.795s] INFO:colcon.colcon_core.shell:Creating environment descriptor '/home/ubuntu/ros2_ws/install/py_serialinput/share/py_serialinput/hook/ament_prefix_path.dsv'
[6.798s] INFO:colcon.colcon_core.shell:Creating environment hook '/home/ubuntu/ros2_ws/install/py_serialinput/share/py_serialinput/hook/ament_prefix_path.sh'
[6.890s] INFO:colcon.colcon_core.shell:Skip shell extension 'powershell' for command environment: Not usable outside of PowerShell
[6.891s] DEBUG:colcon.colcon_core.shell:Skip shell extension 'dsv' for command environment
[7.688s] INFO:colcon.colcon_core.task.python.build:Building Python package in '/home/ubuntu/ros2_ws/src/py_serialinput'
[7.802s] INFO:colcon.colcon_core.shell:Skip shell extension 'powershell' for command environment: Not usable outside of PowerShell
[7.802s] DEBUG:colcon.colcon_core.shell:Skip shell extension 'dsv' for command environment
[9.177s] DEBUG:colcon.colcon_core.event_handler.log_command:Invoking command in '/home/ubuntu/ros2_ws/src/py_serialinput': PYTHONPATH=/home/ubuntu/ros2_ws/build/py_serialinput/prefix_override:/home/ubuntu/ros2_ws/install/py_serialinput/lib/python3.8/site-packages: /usr/bin/python3 setup.py egg_info --egg-base ../../build/py_serialinput build --build-base /home/ubuntu/ros2_ws/build/py_serialinput/build install --record /home/ubuntu/ros2_ws/build/py_serialinput/install.log --install-scripts $base/lib/py_serialinput --single-version-externally-managed
[10.069s] DEBUG:colcon.colcon_core.event_handler.log_command:Invoked command in '/home/ubuntu/ros2_ws/src/py_serialinput' returned '1': PYTHONPATH=/home/ubuntu/ros2_ws/build/py_serialinput/prefix_override:/home/ubuntu/ros2_ws/install/py_serialinput/lib/python3.8/site-packages: /usr/bin/python3 setup.py egg_info --egg-base ../../build/py_serialinput build --build-base /home/ubuntu/ros2_ws/build/py_serialinput/build install --record /home/ubuntu/ros2_ws/build/py_serialinput/install.log --install-scripts $base/lib/py_serialinput --single-version-externally-managed
[10.079s] DEBUG:colcon.colcon_parallel_executor.executor.parallel:closing loop
[10.079s] DEBUG:colcon.colcon_parallel_executor.executor.parallel:loop closed
[10.080s] DEBUG:colcon.colcon_parallel_executor.executor.parallel:run_until_complete finished with '1'
[10.080s] DEBUG:colcon.colcon_core.event_reactor:joining thread
[10.194s] INFO:colcon.colcon_core.plugin_system:Skipping extension 'colcon_notification.desktop_notification.notify_send': Could not find 'notify-send'
[10.195s] INFO:colcon.colcon_core.plugin_system:Skipping extension 'colcon_notification.desktop_notification.terminal_notifier': Not used on non-Darwin systems
[10.195s] INFO:colcon.colcon_core.plugin_system:Skipping extension 'colcon_notification.desktop_notification.win32': Not used on non-Windows systems
[10.195s] INFO:colcon.colcon_notification.desktop_notification:Sending desktop notification using 'notify2'
[10.195s] DEBUG:colcon.colcon_notification.desktop_notification.notify2:Failed to initialize notify2: org.freedesktop.DBus.Error.NotSupported: Unable to autolaunch a dbus-daemon without a $DISPLAY for X11
[10.196s] DEBUG:colcon.colcon_core.event_reactor:joined thread
[10.285s] INFO:colcon.colcon_core.shell:Creating prefix script '/home/ubuntu/ros2_ws/install/local_setup.ps1'
[10.289s] INFO:colcon.colcon_core.shell:Creating prefix util module '/home/ubuntu/ros2_ws/install/_local_setup_util_ps1.py'
[10.294s] INFO:colcon.colcon_core.shell:Creating prefix chain script '/home/ubuntu/ros2_ws/install/setup.ps1'
[10.386s] INFO:colcon.colcon_core.shell:Creating prefix script '/home/ubuntu/ros2_ws/install/local_setup.sh'
[10.388s] INFO:colcon.colcon_core.shell:Creating prefix util module '/home/ubuntu/ros2_ws/install/_local_setup_util_sh.py'
[10.390s] INFO:colcon.colcon_core.shell:Creating prefix chain script '/home/ubuntu/ros2_ws/install/setup.sh'
[10.487s] INFO:colcon.colcon_core.shell:Creating prefix script '/home/ubuntu/ros2_ws/install/local_setup.bash'
[10.489s] INFO:colcon.colcon_core.shell:Creating prefix chain script '/home/ubuntu/ros2_ws/install/setup.bash'
[10.584s] INFO:colcon.colcon_core.shell:Creating prefix script '/home/ubuntu/ros2_ws/install/local_setup.zsh'
[10.586s] INFO:colcon.colcon_core.shell:Creating prefix chain script '/home/ubuntu/ros2_ws/install/setup.zsh'
