[10.517s] Invoking command in '/home/ubuntu/ros2_ws/src/py_pubsub': PYTHONPATH=/home/ubuntu/ros2_ws/build/py_pubsub/prefix_override:/home/ubuntu/ros2_ws/install/py_pubsub/lib/python3.8/site-packages:${PYTHONPATH} /usr/bin/python3 setup.py egg_info --egg-base ../../build/py_pubsub build --build-base /home/ubuntu/ros2_ws/build/py_pubsub/build install --record /home/ubuntu/ros2_ws/build/py_pubsub/install.log --install-scripts $base/lib/py_pubsub --single-version-externally-managed
[14.106s] running egg_info
[14.109s] writing ../../build/py_pubsub/py_pubsub.egg-info/PKG-INFO
[14.110s] writing dependency_links to ../../build/py_pubsub/py_pubsub.egg-info/dependency_links.txt
[14.111s] writing entry points to ../../build/py_pubsub/py_pubsub.egg-info/entry_points.txt
[14.112s] writing requirements to ../../build/py_pubsub/py_pubsub.egg-info/requires.txt
[14.112s] writing top-level names to ../../build/py_pubsub/py_pubsub.egg-info/top_level.txt
[14.319s] reading manifest file '../../build/py_pubsub/py_pubsub.egg-info/SOURCES.txt'
[14.325s] writing manifest file '../../build/py_pubsub/py_pubsub.egg-info/SOURCES.txt'
[14.326s] running build
[14.326s] running build_py
[14.327s] copying py_pubsub/subsciber_memeber_function.py -> /home/ubuntu/ros2_ws/build/py_pubsub/build/lib/py_pubsub
[14.328s] running install
[14.374s] running install_lib
[14.378s] copying /home/ubuntu/ros2_ws/build/py_pubsub/build/lib/py_pubsub/subsciber_memeber_function.py -> /home/ubuntu/ros2_ws/install/py_pubsub/lib/python3.8/site-packages/py_pubsub
[14.390s] byte-compiling /home/ubuntu/ros2_ws/install/py_pubsub/lib/python3.8/site-packages/py_pubsub/subsciber_memeber_function.py to subsciber_memeber_function.cpython-38.pyc
[14.394s] running install_data
[14.397s] running install_egg_info
[14.412s] removing '/home/ubuntu/ros2_ws/install/py_pubsub/lib/python3.8/site-packages/py_pubsub-0.0.0-py3.8.egg-info' (and everything under it)
[14.413s] Copying ../../build/py_pubsub/py_pubsub.egg-info to /home/ubuntu/ros2_ws/install/py_pubsub/lib/python3.8/site-packages/py_pubsub-0.0.0-py3.8.egg-info
[14.419s] running install_scripts
[14.549s] Installing listener script to /home/ubuntu/ros2_ws/install/py_pubsub/lib/py_pubsub
[14.549s] Installing talker script to /home/ubuntu/ros2_ws/install/py_pubsub/lib/py_pubsub
[14.551s] writing list of installed files to '/home/ubuntu/ros2_ws/build/py_pubsub/install.log'
[14.631s] Invoked command in '/home/ubuntu/ros2_ws/src/py_pubsub' returned '0': PYTHONPATH=/home/ubuntu/ros2_ws/build/py_pubsub/prefix_override:/home/ubuntu/ros2_ws/install/py_pubsub/lib/python3.8/site-packages:${PYTHONPATH} /usr/bin/python3 setup.py egg_info --egg-base ../../build/py_pubsub build --build-base /home/ubuntu/ros2_ws/build/py_pubsub/build install --record /home/ubuntu/ros2_ws/build/py_pubsub/install.log --install-scripts $base/lib/py_pubsub --single-version-externally-managed
