[9.908s] Invoking command in '/home/ubuntu/ros2_ws/src/py_pubsub': PYTHONPATH=/home/ubuntu/ros2_ws/build/py_pubsub/prefix_override:/home/ubuntu/ros2_ws/install/py_pubsub/lib/python3.8/site-packages:${PYTHONPATH} /usr/bin/python3 setup.py egg_info --egg-base ../../build/py_pubsub build --build-base /home/ubuntu/ros2_ws/build/py_pubsub/build install --record /home/ubuntu/ros2_ws/build/py_pubsub/install.log --install-scripts $base/lib/py_pubsub --single-version-externally-managed
[13.473s] running egg_info
[13.476s] writing ../../build/py_pubsub/py_pubsub.egg-info/PKG-INFO
[13.477s] writing dependency_links to ../../build/py_pubsub/py_pubsub.egg-info/dependency_links.txt
[13.477s] writing entry points to ../../build/py_pubsub/py_pubsub.egg-info/entry_points.txt
[13.478s] writing requirements to ../../build/py_pubsub/py_pubsub.egg-info/requires.txt
[13.478s] writing top-level names to ../../build/py_pubsub/py_pubsub.egg-info/top_level.txt
[13.668s] reading manifest file '../../build/py_pubsub/py_pubsub.egg-info/SOURCES.txt'
[13.671s] writing manifest file '../../build/py_pubsub/py_pubsub.egg-info/SOURCES.txt'
[13.671s] running build
[13.672s] running build_py
[13.672s] copying py_pubsub/publisher_member_function.py -> /home/ubuntu/ros2_ws/build/py_pubsub/build/lib/py_pubsub
[13.673s] running install
[13.718s] running install_lib
[13.722s] copying /home/ubuntu/ros2_ws/build/py_pubsub/build/lib/py_pubsub/publisher_member_function.py -> /home/ubuntu/ros2_ws/install/py_pubsub/lib/python3.8/site-packages/py_pubsub
[13.733s] byte-compiling /home/ubuntu/ros2_ws/install/py_pubsub/lib/python3.8/site-packages/py_pubsub/publisher_member_function.py to publisher_member_function.cpython-38.pyc
[13.738s] running install_data
[13.740s] running install_egg_info
[13.755s] removing '/home/ubuntu/ros2_ws/install/py_pubsub/lib/python3.8/site-packages/py_pubsub-0.0.0-py3.8.egg-info' (and everything under it)
[13.756s] Copying ../../build/py_pubsub/py_pubsub.egg-info to /home/ubuntu/ros2_ws/install/py_pubsub/lib/python3.8/site-packages/py_pubsub-0.0.0-py3.8.egg-info
[13.759s] running install_scripts
[13.884s] Installing listener script to /home/ubuntu/ros2_ws/install/py_pubsub/lib/py_pubsub
[13.885s] Installing talker script to /home/ubuntu/ros2_ws/install/py_pubsub/lib/py_pubsub
[13.886s] writing list of installed files to '/home/ubuntu/ros2_ws/build/py_pubsub/install.log'
[13.961s] Invoked command in '/home/ubuntu/ros2_ws/src/py_pubsub' returned '0': PYTHONPATH=/home/ubuntu/ros2_ws/build/py_pubsub/prefix_override:/home/ubuntu/ros2_ws/install/py_pubsub/lib/python3.8/site-packages:${PYTHONPATH} /usr/bin/python3 setup.py egg_info --egg-base ../../build/py_pubsub build --build-base /home/ubuntu/ros2_ws/build/py_pubsub/build install --record /home/ubuntu/ros2_ws/build/py_pubsub/install.log --install-scripts $base/lib/py_pubsub --single-version-externally-managed
