[10.017s] Invoking command in '/home/ubuntu/ros2_ws/src/py_pubsub': PYTHONPATH=/home/ubuntu/ros2_ws/build/py_pubsub/prefix_override:/home/ubuntu/ros2_ws/install/py_pubsub/lib/python3.8/site-packages:${PYTHONPATH} /usr/bin/python3 setup.py egg_info --egg-base ../../build/py_pubsub build --build-base /home/ubuntu/ros2_ws/build/py_pubsub/build install --record /home/ubuntu/ros2_ws/build/py_pubsub/install.log --install-scripts $base/lib/py_pubsub --single-version-externally-managed
[13.516s] running egg_info
[13.518s] creating ../../build/py_pubsub/py_pubsub.egg-info
[13.519s] writing ../../build/py_pubsub/py_pubsub.egg-info/PKG-INFO
[13.520s] writing dependency_links to ../../build/py_pubsub/py_pubsub.egg-info/dependency_links.txt
[13.520s] writing entry points to ../../build/py_pubsub/py_pubsub.egg-info/entry_points.txt
[13.521s] writing requirements to ../../build/py_pubsub/py_pubsub.egg-info/requires.txt
[13.521s] writing top-level names to ../../build/py_pubsub/py_pubsub.egg-info/top_level.txt
[13.534s] writing manifest file '../../build/py_pubsub/py_pubsub.egg-info/SOURCES.txt'
[13.716s] reading manifest file '../../build/py_pubsub/py_pubsub.egg-info/SOURCES.txt'
[13.719s] writing manifest file '../../build/py_pubsub/py_pubsub.egg-info/SOURCES.txt'
[13.719s] running build
[13.720s] running build_py
[13.720s] creating /home/ubuntu/ros2_ws/build/py_pubsub/build
[13.721s] creating /home/ubuntu/ros2_ws/build/py_pubsub/build/lib
[13.721s] creating /home/ubuntu/ros2_ws/build/py_pubsub/build/lib/py_pubsub
[13.722s] copying py_pubsub/__init__.py -> /home/ubuntu/ros2_ws/build/py_pubsub/build/lib/py_pubsub
[13.722s] copying py_pubsub/publisher_member_function.py -> /home/ubuntu/ros2_ws/build/py_pubsub/build/lib/py_pubsub
[13.722s] copying py_pubsub/subscriber_member_function.py -> /home/ubuntu/ros2_ws/build/py_pubsub/build/lib/py_pubsub
[13.723s] running install
[13.734s] running install_lib
[13.738s] creating /home/ubuntu/ros2_ws/install/py_pubsub/lib/python3.8/site-packages/py_pubsub
[13.738s] copying /home/ubuntu/ros2_ws/build/py_pubsub/build/lib/py_pubsub/__init__.py -> /home/ubuntu/ros2_ws/install/py_pubsub/lib/python3.8/site-packages/py_pubsub
[13.739s] copying /home/ubuntu/ros2_ws/build/py_pubsub/build/lib/py_pubsub/publisher_member_function.py -> /home/ubuntu/ros2_ws/install/py_pubsub/lib/python3.8/site-packages/py_pubsub
[13.739s] copying /home/ubuntu/ros2_ws/build/py_pubsub/build/lib/py_pubsub/subscriber_member_function.py -> /home/ubuntu/ros2_ws/install/py_pubsub/lib/python3.8/site-packages/py_pubsub
[13.750s] byte-compiling /home/ubuntu/ros2_ws/install/py_pubsub/lib/python3.8/site-packages/py_pubsub/__init__.py to __init__.cpython-38.pyc
[13.754s] byte-compiling /home/ubuntu/ros2_ws/install/py_pubsub/lib/python3.8/site-packages/py_pubsub/publisher_member_function.py to publisher_member_function.cpython-38.pyc
[13.756s] byte-compiling /home/ubuntu/ros2_ws/install/py_pubsub/lib/python3.8/site-packages/py_pubsub/subscriber_member_function.py to subscriber_member_function.cpython-38.pyc
[13.757s] running install_data
[13.759s] creating /home/ubuntu/ros2_ws/install/py_pubsub/share/ament_index
[13.759s] creating /home/ubuntu/ros2_ws/install/py_pubsub/share/ament_index/resource_index
[13.760s] creating /home/ubuntu/ros2_ws/install/py_pubsub/share/ament_index/resource_index/packages
[13.760s] copying resource/py_pubsub -> /home/ubuntu/ros2_ws/install/py_pubsub/share/ament_index/resource_index/packages
[13.761s] copying package.xml -> /home/ubuntu/ros2_ws/install/py_pubsub/share/py_pubsub
[13.761s] running install_egg_info
[13.775s] Copying ../../build/py_pubsub/py_pubsub.egg-info to /home/ubuntu/ros2_ws/install/py_pubsub/lib/python3.8/site-packages/py_pubsub-0.0.0-py3.8.egg-info
[13.778s] running install_scripts
[13.904s] Installing listener script to /home/ubuntu/ros2_ws/install/py_pubsub/lib/py_pubsub
[13.905s] Installing talker script to /home/ubuntu/ros2_ws/install/py_pubsub/lib/py_pubsub
[13.906s] writing list of installed files to '/home/ubuntu/ros2_ws/build/py_pubsub/install.log'
[13.981s] Invoked command in '/home/ubuntu/ros2_ws/src/py_pubsub' returned '0': PYTHONPATH=/home/ubuntu/ros2_ws/build/py_pubsub/prefix_override:/home/ubuntu/ros2_ws/install/py_pubsub/lib/python3.8/site-packages:${PYTHONPATH} /usr/bin/python3 setup.py egg_info --egg-base ../../build/py_pubsub build --build-base /home/ubuntu/ros2_ws/build/py_pubsub/build install --record /home/ubuntu/ros2_ws/build/py_pubsub/install.log --install-scripts $base/lib/py_pubsub --single-version-externally-managed
