[10.295s] DEBUG:colcon:Command line arguments: ['/usr/bin/colcon', 'build', '--packages-select', 'py_serialinput']
[10.295s] DEBUG:colcon:Parsed command line arguments: Namespace(allow_overriding=[], ament_cmake_args=None, base_paths=['.'], build_base='build', catkin_cmake_args=None, catkin_skip_building_tests=False, cmake_args=None, cmake_clean_cache=False, cmake_clean_first=False, cmake_force_configure=False, cmake_target=None, cmake_target_skip_unavailable=False, continue_on_error=False, event_handlers=None, executor='parallel', ignore_user_meta=False, install_base='install', log_base=None, log_level=None, main=<bound method BuildVerb.main of <colcon_core.verb.build.BuildVerb object at 0xb5f1c9e8>>, merge_install=False, metas=['./colcon.meta'], packages_above=None, packages_above_and_dependencies=None, packages_above_depth=None, packages_end=None, packages_ignore=None, packages_ignore_regex=None, packages_select=['py_serialinput'], packages_select_build_failed=False, packages_select_by_dep=None, packages_select_regex=None, packages_select_test_failures=False, packages_skip=None, packages_skip_build_finished=False, packages_skip_by_dep=None, packages_skip_regex=None, packages_skip_test_passed=False, packages_skip_up_to=None, packages_start=None, packages_up_to=None, packages_up_to_regex=None, parallel_workers=4, paths=None, symlink_install=False, test_result_base=None, verb_extension=<colcon_core.verb.build.BuildVerb object at 0xb5f1c9e8>, verb_name='build', verb_parser=<colcon_defaults.argument_parser.defaults.DefaultArgumentsDecorator object at 0xb5c08d00>)
[10.789s] Level 1:colcon.colcon_core.package_discovery:discover_packages(colcon_meta) check parameters
[10.790s] Level 1:colcon.colcon_core.package_discovery:discover_packages(recursive) check parameters
[10.790s] Level 1:colcon.colcon_core.package_discovery:discover_packages(ignore) check parameters
[10.790s] Level 1:colcon.colcon_core.package_discovery:discover_packages(path) check parameters
[10.790s] Level 1:colcon.colcon_core.package_discovery:discover_packages(colcon_meta) discover
[10.790s] Level 1:colcon.colcon_core.package_discovery:discover_packages(recursive) discover
[10.790s] INFO:colcon.colcon_core.package_discovery:Crawling recursively for packages in '/home/ubuntu/ros2_ws'
[10.791s] Level 1:colcon.colcon_core.package_identification:_identify(.) by extensions ['ignore', 'ignore_ament_install']
[10.791s] Level 1:colcon.colcon_core.package_identification:_identify(.) by extension 'ignore'
[10.791s] Level 1:colcon.colcon_core.package_identification:_identify(.) by extension 'ignore_ament_install'
[10.791s] Level 1:colcon.colcon_core.package_identification:_identify(.) by extensions ['colcon_pkg']
[10.792s] Level 1:colcon.colcon_core.package_identification:_identify(.) by extension 'colcon_pkg'
[10.792s] Level 1:colcon.colcon_core.package_identification:_identify(.) by extensions ['colcon_meta']
[10.792s] Level 1:colcon.colcon_core.package_identification:_identify(.) by extension 'colcon_meta'
[10.792s] Level 1:colcon.colcon_core.package_identification:_identify(.) by extensions ['ros']
[10.792s] Level 1:colcon.colcon_core.package_identification:_identify(.) by extension 'ros'
[10.844s] Level 1:colcon.colcon_core.package_identification:_identify(.) by extensions ['cmake', 'python']
[10.844s] Level 1:colcon.colcon_core.package_identification:_identify(.) by extension 'cmake'
[10.844s] Level 1:colcon.colcon_core.package_identification:_identify(.) by extension 'python'
[10.844s] Level 1:colcon.colcon_core.package_identification:_identify(.) by extensions ['python_setup_py']
[10.845s] Level 1:colcon.colcon_core.package_identification:_identify(.) by extension 'python_setup_py'
[10.845s] Level 1:colcon.colcon_core.package_identification:_identify(build) by extensions ['ignore', 'ignore_ament_install']
[10.845s] Level 1:colcon.colcon_core.package_identification:_identify(build) by extension 'ignore'
[10.846s] Level 1:colcon.colcon_core.package_identification:_identify(build) ignored
[10.846s] Level 1:colcon.colcon_core.package_identification:_identify(install) by extensions ['ignore', 'ignore_ament_install']
[10.846s] Level 1:colcon.colcon_core.package_identification:_identify(install) by extension 'ignore'
[10.846s] Level 1:colcon.colcon_core.package_identification:_identify(install) ignored
[10.847s] Level 1:colcon.colcon_core.package_identification:_identify(log) by extensions ['ignore', 'ignore_ament_install']
[10.847s] Level 1:colcon.colcon_core.package_identification:_identify(log) by extension 'ignore'
[10.847s] Level 1:colcon.colcon_core.package_identification:_identify(log) ignored
[10.848s] Level 1:colcon.colcon_core.package_identification:_identify(src) by extensions ['ignore', 'ignore_ament_install']
[10.848s] Level 1:colcon.colcon_core.package_identification:_identify(src) by extension 'ignore'
[10.848s] Level 1:colcon.colcon_core.package_identification:_identify(src) by extension 'ignore_ament_install'
[10.848s] Level 1:colcon.colcon_core.package_identification:_identify(src) by extensions ['colcon_pkg']
[10.848s] Level 1:colcon.colcon_core.package_identification:_identify(src) by extension 'colcon_pkg'
[10.848s] Level 1:colcon.colcon_core.package_identification:_identify(src) by extensions ['colcon_meta']
[10.849s] Level 1:colcon.colcon_core.package_identification:_identify(src) by extension 'colcon_meta'
[10.849s] Level 1:colcon.colcon_core.package_identification:_identify(src) by extensions ['ros']
[10.849s] Level 1:colcon.colcon_core.package_identification:_identify(src) by extension 'ros'
[10.849s] Level 1:colcon.colcon_core.package_identification:_identify(src) by extensions ['cmake', 'python']
[10.849s] Level 1:colcon.colcon_core.package_identification:_identify(src) by extension 'cmake'
[10.850s] Level 1:colcon.colcon_core.package_identification:_identify(src) by extension 'python'
[10.850s] Level 1:colcon.colcon_core.package_identification:_identify(src) by extensions ['python_setup_py']
[10.850s] Level 1:colcon.colcon_core.package_identification:_identify(src) by extension 'python_setup_py'
[10.850s] Level 1:colcon.colcon_core.package_identification:_identify(src/py_serialinput) by extensions ['ignore', 'ignore_ament_install']
[10.850s] Level 1:colcon.colcon_core.package_identification:_identify(src/py_serialinput) by extension 'ignore'
[10.851s] Level 1:colcon.colcon_core.package_identification:_identify(src/py_serialinput) by extension 'ignore_ament_install'
[10.851s] Level 1:colcon.colcon_core.package_identification:_identify(src/py_serialinput) by extensions ['colcon_pkg']
[10.851s] Level 1:colcon.colcon_core.package_identification:_identify(src/py_serialinput) by extension 'colcon_pkg'
[10.851s] Level 1:colcon.colcon_core.package_identification:_identify(src/py_serialinput) by extensions ['colcon_meta']
[10.851s] Level 1:colcon.colcon_core.package_identification:_identify(src/py_serialinput) by extension 'colcon_meta'
[10.851s] Level 1:colcon.colcon_core.package_identification:_identify(src/py_serialinput) by extensions ['ros']
[10.852s] Level 1:colcon.colcon_core.package_identification:_identify(src/py_serialinput) by extension 'ros'
[10.859s] DEBUG:colcon.colcon_core.package_identification:Package 'src/py_serialinput' with type 'ros.ament_python' and name 'py_serialinput'
[10.859s] Level 1:colcon.colcon_core.package_discovery:discover_packages(recursive) using defaults
[10.860s] Level 1:colcon.colcon_core.package_discovery:discover_packages(ignore) discover
[10.860s] Level 1:colcon.colcon_core.package_discovery:discover_packages(ignore) using defaults
[10.860s] Level 1:colcon.colcon_core.package_discovery:discover_packages(path) discover
[10.860s] Level 1:colcon.colcon_core.package_discovery:discover_packages(path) using defaults
[11.847s] Level 1:colcon.colcon_core.package_discovery:discover_packages(prefix_path) check parameters
[11.847s] Level 1:colcon.colcon_core.package_discovery:discover_packages(prefix_path) discover
[12.258s] DEBUG:colcon.colcon_installed_package_information.package_discovery:Found 311 installed packages in /home/ubuntu/ros2_foxy/install
[12.267s] Level 1:colcon.colcon_core.package_discovery:discover_packages(prefix_path) using defaults
[12.695s] Level 5:colcon.colcon_core.verb:set package 'py_serialinput' build argument 'cmake_args' from command line to 'None'
[12.695s] Level 5:colcon.colcon_core.verb:set package 'py_serialinput' build argument 'cmake_target' from command line to 'None'
[12.695s] Level 5:colcon.colcon_core.verb:set package 'py_serialinput' build argument 'cmake_target_skip_unavailable' from command line to 'False'
[12.695s] Level 5:colcon.colcon_core.verb:set package 'py_serialinput' build argument 'cmake_clean_cache' from command line to 'False'
[12.696s] Level 5:colcon.colcon_core.verb:set package 'py_serialinput' build argument 'cmake_clean_first' from command line to 'False'
[12.696s] Level 5:colcon.colcon_core.verb:set package 'py_serialinput' build argument 'cmake_force_configure' from command line to 'False'
[12.696s] Level 5:colcon.colcon_core.verb:set package 'py_serialinput' build argument 'ament_cmake_args' from command line to 'None'
[12.696s] Level 5:colcon.colcon_core.verb:set package 'py_serialinput' build argument 'catkin_cmake_args' from command line to 'None'
[12.696s] Level 5:colcon.colcon_core.verb:set package 'py_serialinput' build argument 'catkin_skip_building_tests' from command line to 'False'
[12.696s] DEBUG:colcon.colcon_core.verb:Building package 'py_serialinput' with the following arguments: {'ament_cmake_args': None, 'build_base': '/home/ubuntu/ros2_ws/build/py_serialinput', 'catkin_cmake_args': None, 'catkin_skip_building_tests': False, 'cmake_args': None, 'cmake_clean_cache': False, 'cmake_clean_first': False, 'cmake_force_configure': False, 'cmake_target': None, 'cmake_target_skip_unavailable': False, 'install_base': '/home/ubuntu/ros2_ws/install/py_serialinput', 'merge_install': False, 'path': '/home/ubuntu/ros2_ws/src/py_serialinput', 'symlink_install': False, 'test_result_base': None}
[12.855s] INFO:colcon.colcon_core.executor:Executing jobs using 'parallel' executor
[13.018s] DEBUG:colcon.colcon_parallel_executor.executor.parallel:run_until_complete
[13.018s] INFO:colcon.colcon_ros.task.ament_python.build:Building ROS package in '/home/ubuntu/ros2_ws/src/py_serialinput' with build type 'ament_python'
[13.019s] Level 1:colcon.colcon_core.shell:create_environment_hook('py_serialinput', 'ament_prefix_path')
[13.210s] INFO:colcon.colcon_core.plugin_system:Skipping extension 'colcon_core.shell.bat': Not used on non-Windows systems
[13.211s] INFO:colcon.colcon_core.shell:Creating environment hook '/home/ubuntu/ros2_ws/install/py_serialinput/share/py_serialinput/hook/ament_prefix_path.ps1'
[13.213s] INFO:colcon.colcon_core.shell:Creating environment descriptor '/home/ubuntu/ros2_ws/install/py_serialinput/share/py_serialinput/hook/ament_prefix_path.dsv'
[13.214s] INFO:colcon.colcon_core.shell:Creating environment hook '/home/ubuntu/ros2_ws/install/py_serialinput/share/py_serialinput/hook/ament_prefix_path.sh'
[13.410s] INFO:colcon.colcon_core.shell:Skip shell extension 'powershell' for command environment: Not usable outside of PowerShell
[13.411s] DEBUG:colcon.colcon_core.shell:Skip shell extension 'dsv' for command environment
[17.366s] INFO:colcon.colcon_core.task.python.build:Building Python package in '/home/ubuntu/ros2_ws/src/py_serialinput'
[17.534s] INFO:colcon.colcon_core.shell:Skip shell extension 'powershell' for command environment: Not usable outside of PowerShell
[17.535s] DEBUG:colcon.colcon_core.shell:Skip shell extension 'dsv' for command environment
[22.457s] DEBUG:colcon.colcon_core.event_handler.log_command:Invoking command in '/home/ubuntu/ros2_ws/src/py_serialinput': PYTHONPATH=/home/ubuntu/ros2_ws/build/py_serialinput/prefix_override:/home/ubuntu/ros2_ws/install/py_serialinput/lib/python3.8/site-packages:${PYTHONPATH} /usr/bin/python3 setup.py egg_info --egg-base ../../build/py_serialinput build --build-base /home/ubuntu/ros2_ws/build/py_serialinput/build install --record /home/ubuntu/ros2_ws/build/py_serialinput/install.log --install-scripts $base/lib/py_serialinput --single-version-externally-managed
[26.245s] DEBUG:colcon.colcon_core.event_handler.log_command:Invoked command in '/home/ubuntu/ros2_ws/src/py_serialinput' returned '1': PYTHONPATH=/home/ubuntu/ros2_ws/build/py_serialinput/prefix_override:/home/ubuntu/ros2_ws/install/py_serialinput/lib/python3.8/site-packages:${PYTHONPATH} /usr/bin/python3 setup.py egg_info --egg-base ../../build/py_serialinput build --build-base /home/ubuntu/ros2_ws/build/py_serialinput/build install --record /home/ubuntu/ros2_ws/build/py_serialinput/install.log --install-scripts $base/lib/py_serialinput --single-version-externally-managed
[26.254s] DEBUG:colcon.colcon_parallel_executor.executor.parallel:closing loop
[26.255s] DEBUG:colcon.colcon_parallel_executor.executor.parallel:loop closed
[26.255s] DEBUG:colcon.colcon_parallel_executor.executor.parallel:run_until_complete finished with '1'
[26.256s] DEBUG:colcon.colcon_core.event_reactor:joining thread
[26.475s] INFO:colcon.colcon_core.plugin_system:Skipping extension 'colcon_notification.desktop_notification.notify_send': Could not find 'notify-send'
[26.476s] INFO:colcon.colcon_core.plugin_system:Skipping extension 'colcon_notification.desktop_notification.terminal_notifier': Not used on non-Darwin systems
[26.476s] INFO:colcon.colcon_core.plugin_system:Skipping extension 'colcon_notification.desktop_notification.win32': Not used on non-Windows systems
[26.476s] INFO:colcon.colcon_notification.desktop_notification:Sending desktop notification using 'notify2'
[26.478s] DEBUG:colcon.colcon_notification.desktop_notification.notify2:Failed to initialize notify2: org.freedesktop.DBus.Error.ServiceUnknown: The name org.freedesktop.Notifications was not provided by any .service files
[26.479s] DEBUG:colcon.colcon_core.event_reactor:joined thread
[26.644s] INFO:colcon.colcon_core.shell:Creating prefix script '/home/ubuntu/ros2_ws/install/local_setup.ps1'
[26.648s] INFO:colcon.colcon_core.shell:Creating prefix util module '/home/ubuntu/ros2_ws/install/_local_setup_util_ps1.py'
[26.653s] INFO:colcon.colcon_core.shell:Creating prefix chain script '/home/ubuntu/ros2_ws/install/setup.ps1'
[26.871s] INFO:colcon.colcon_core.shell:Creating prefix script '/home/ubuntu/ros2_ws/install/local_setup.sh'
[26.873s] INFO:colcon.colcon_core.shell:Creating prefix util module '/home/ubuntu/ros2_ws/install/_local_setup_util_sh.py'
[26.875s] INFO:colcon.colcon_core.shell:Creating prefix chain script '/home/ubuntu/ros2_ws/install/setup.sh'
[27.091s] INFO:colcon.colcon_core.shell:Creating prefix script '/home/ubuntu/ros2_ws/install/local_setup.bash'
[27.093s] INFO:colcon.colcon_core.shell:Creating prefix chain script '/home/ubuntu/ros2_ws/install/setup.bash'
[27.307s] INFO:colcon.colcon_core.shell:Creating prefix script '/home/ubuntu/ros2_ws/install/local_setup.zsh'
[27.309s] INFO:colcon.colcon_core.shell:Creating prefix chain script '/home/ubuntu/ros2_ws/install/setup.zsh'
