[10.781s] DEBUG:colcon:Command line arguments: ['/usr/bin/colcon', 'build']
[10.781s] DEBUG:colcon:Parsed command line arguments: Namespace(allow_overriding=[], ament_cmake_args=None, base_paths=['.'], build_base='build', catkin_cmake_args=None, catkin_skip_building_tests=False, cmake_args=None, cmake_clean_cache=False, cmake_clean_first=False, cmake_force_configure=False, cmake_target=None, cmake_target_skip_unavailable=False, continue_on_error=False, event_handlers=None, executor='parallel', ignore_user_meta=False, install_base='install', log_base=None, log_level=None, main=<bound method BuildVerb.main of <colcon_core.verb.build.BuildVerb object at 0xb5f55d48>>, merge_install=False, metas=['./colcon.meta'], packages_above=None, packages_above_and_dependencies=None, packages_above_depth=None, packages_end=None, packages_ignore=None, packages_ignore_regex=None, packages_select=None, packages_select_build_failed=False, packages_select_by_dep=None, packages_select_regex=None, packages_select_test_failures=False, packages_skip=None, packages_skip_build_finished=False, packages_skip_by_dep=None, packages_skip_regex=None, packages_skip_test_passed=False, packages_skip_up_to=None, packages_start=None, packages_up_to=None, packages_up_to_regex=None, parallel_workers=4, paths=None, symlink_install=False, test_result_base=None, verb_extension=<colcon_core.verb.build.BuildVerb object at 0xb5f55d48>, verb_name='build', verb_parser=<colcon_defaults.argument_parser.defaults.DefaultArgumentsDecorator object at 0xb5c749b8>)
[11.392s] Level 1:colcon.colcon_core.package_discovery:discover_packages(colcon_meta) check parameters
[11.392s] Level 1:colcon.colcon_core.package_discovery:discover_packages(recursive) check parameters
[11.392s] Level 1:colcon.colcon_core.package_discovery:discover_packages(ignore) check parameters
[11.393s] Level 1:colcon.colcon_core.package_discovery:discover_packages(path) check parameters
[11.393s] Level 1:colcon.colcon_core.package_discovery:discover_packages(colcon_meta) discover
[11.393s] Level 1:colcon.colcon_core.package_discovery:discover_packages(recursive) discover
[11.393s] INFO:colcon.colcon_core.package_discovery:Crawling recursively for packages in '/home/ubuntu/ros2_ws'
[11.393s] Level 1:colcon.colcon_core.package_identification:_identify(.) by extensions ['ignore', 'ignore_ament_install']
[11.394s] Level 1:colcon.colcon_core.package_identification:_identify(.) by extension 'ignore'
[11.394s] Level 1:colcon.colcon_core.package_identification:_identify(.) by extension 'ignore_ament_install'
[11.394s] Level 1:colcon.colcon_core.package_identification:_identify(.) by extensions ['colcon_pkg']
[11.394s] Level 1:colcon.colcon_core.package_identification:_identify(.) by extension 'colcon_pkg'
[11.394s] Level 1:colcon.colcon_core.package_identification:_identify(.) by extensions ['colcon_meta']
[11.395s] Level 1:colcon.colcon_core.package_identification:_identify(.) by extension 'colcon_meta'
[11.395s] Level 1:colcon.colcon_core.package_identification:_identify(.) by extensions ['ros']
[11.395s] Level 1:colcon.colcon_core.package_identification:_identify(.) by extension 'ros'
[11.488s] Level 1:colcon.colcon_core.package_identification:_identify(.) by extensions ['cmake', 'python']
[11.488s] Level 1:colcon.colcon_core.package_identification:_identify(.) by extension 'cmake'
[11.488s] Level 1:colcon.colcon_core.package_identification:_identify(.) by extension 'python'
[11.489s] Level 1:colcon.colcon_core.package_identification:_identify(.) by extensions ['python_setup_py']
[11.489s] Level 1:colcon.colcon_core.package_identification:_identify(.) by extension 'python_setup_py'
[11.489s] Level 1:colcon.colcon_core.package_identification:_identify(build) by extensions ['ignore', 'ignore_ament_install']
[11.489s] Level 1:colcon.colcon_core.package_identification:_identify(build) by extension 'ignore'
[11.490s] Level 1:colcon.colcon_core.package_identification:_identify(build) ignored
[11.490s] Level 1:colcon.colcon_core.package_identification:_identify(install) by extensions ['ignore', 'ignore_ament_install']
[11.490s] Level 1:colcon.colcon_core.package_identification:_identify(install) by extension 'ignore'
[11.490s] Level 1:colcon.colcon_core.package_identification:_identify(install) ignored
[11.491s] Level 1:colcon.colcon_core.package_identification:_identify(log) by extensions ['ignore', 'ignore_ament_install']
[11.491s] Level 1:colcon.colcon_core.package_identification:_identify(log) by extension 'ignore'
[11.491s] Level 1:colcon.colcon_core.package_identification:_identify(log) ignored
[11.492s] Level 1:colcon.colcon_core.package_identification:_identify(src) by extensions ['ignore', 'ignore_ament_install']
[11.492s] Level 1:colcon.colcon_core.package_identification:_identify(src) by extension 'ignore'
[11.492s] Level 1:colcon.colcon_core.package_identification:_identify(src) by extension 'ignore_ament_install'
[11.492s] Level 1:colcon.colcon_core.package_identification:_identify(src) by extensions ['colcon_pkg']
[11.492s] Level 1:colcon.colcon_core.package_identification:_identify(src) by extension 'colcon_pkg'
[11.493s] Level 1:colcon.colcon_core.package_identification:_identify(src) by extensions ['colcon_meta']
[11.493s] Level 1:colcon.colcon_core.package_identification:_identify(src) by extension 'colcon_meta'
[11.493s] Level 1:colcon.colcon_core.package_identification:_identify(src) by extensions ['ros']
[11.493s] Level 1:colcon.colcon_core.package_identification:_identify(src) by extension 'ros'
[11.493s] Level 1:colcon.colcon_core.package_identification:_identify(src) by extensions ['cmake', 'python']
[11.493s] Level 1:colcon.colcon_core.package_identification:_identify(src) by extension 'cmake'
[11.494s] Level 1:colcon.colcon_core.package_identification:_identify(src) by extension 'python'
[11.494s] Level 1:colcon.colcon_core.package_identification:_identify(src) by extensions ['python_setup_py']
[11.494s] Level 1:colcon.colcon_core.package_identification:_identify(src) by extension 'python_setup_py'
[11.494s] Level 1:colcon.colcon_core.package_identification:_identify(src/bno055_driver) by extensions ['ignore', 'ignore_ament_install']
[11.495s] Level 1:colcon.colcon_core.package_identification:_identify(src/bno055_driver) by extension 'ignore'
[11.495s] Level 1:colcon.colcon_core.package_identification:_identify(src/bno055_driver) by extension 'ignore_ament_install'
[11.495s] Level 1:colcon.colcon_core.package_identification:_identify(src/bno055_driver) by extensions ['colcon_pkg']
[11.495s] Level 1:colcon.colcon_core.package_identification:_identify(src/bno055_driver) by extension 'colcon_pkg'
[11.495s] Level 1:colcon.colcon_core.package_identification:_identify(src/bno055_driver) by extensions ['colcon_meta']
[11.495s] Level 1:colcon.colcon_core.package_identification:_identify(src/bno055_driver) by extension 'colcon_meta'
[11.496s] Level 1:colcon.colcon_core.package_identification:_identify(src/bno055_driver) by extensions ['ros']
[11.496s] Level 1:colcon.colcon_core.package_identification:_identify(src/bno055_driver) by extension 'ros'
[11.510s] DEBUG:colcon.colcon_core.package_identification:Package 'src/bno055_driver' with type 'ros.ament_python' and name 'bno055_driver'
[11.510s] Level 1:colcon.colcon_core.package_discovery:discover_packages(recursive) using defaults
[11.510s] Level 1:colcon.colcon_core.package_discovery:discover_packages(ignore) discover
[11.510s] Level 1:colcon.colcon_core.package_discovery:discover_packages(ignore) using defaults
[11.510s] Level 1:colcon.colcon_core.package_discovery:discover_packages(path) discover
[11.511s] Level 1:colcon.colcon_core.package_discovery:discover_packages(path) using defaults
[12.560s] Level 1:colcon.colcon_core.package_discovery:discover_packages(prefix_path) check parameters
[12.560s] Level 1:colcon.colcon_core.package_discovery:discover_packages(prefix_path) discover
[12.994s] DEBUG:colcon.colcon_installed_package_information.package_discovery:Found 311 installed packages in /home/ubuntu/ros2_foxy/install
[13.004s] Level 1:colcon.colcon_core.package_discovery:discover_packages(prefix_path) using defaults
[13.627s] Level 5:colcon.colcon_core.verb:set package 'bno055_driver' build argument 'cmake_args' from command line to 'None'
[13.628s] Level 5:colcon.colcon_core.verb:set package 'bno055_driver' build argument 'cmake_target' from command line to 'None'
[13.628s] Level 5:colcon.colcon_core.verb:set package 'bno055_driver' build argument 'cmake_target_skip_unavailable' from command line to 'False'
[13.628s] Level 5:colcon.colcon_core.verb:set package 'bno055_driver' build argument 'cmake_clean_cache' from command line to 'False'
[13.628s] Level 5:colcon.colcon_core.verb:set package 'bno055_driver' build argument 'cmake_clean_first' from command line to 'False'
[13.628s] Level 5:colcon.colcon_core.verb:set package 'bno055_driver' build argument 'cmake_force_configure' from command line to 'False'
[13.628s] Level 5:colcon.colcon_core.verb:set package 'bno055_driver' build argument 'ament_cmake_args' from command line to 'None'
[13.628s] Level 5:colcon.colcon_core.verb:set package 'bno055_driver' build argument 'catkin_cmake_args' from command line to 'None'
[13.628s] Level 5:colcon.colcon_core.verb:set package 'bno055_driver' build argument 'catkin_skip_building_tests' from command line to 'False'
[13.628s] DEBUG:colcon.colcon_core.verb:Building package 'bno055_driver' with the following arguments: {'ament_cmake_args': None, 'build_base': '/home/ubuntu/ros2_ws/build/bno055_driver', 'catkin_cmake_args': None, 'catkin_skip_building_tests': False, 'cmake_args': None, 'cmake_clean_cache': False, 'cmake_clean_first': False, 'cmake_force_configure': False, 'cmake_target': None, 'cmake_target_skip_unavailable': False, 'install_base': '/home/ubuntu/ros2_ws/install/bno055_driver', 'merge_install': False, 'path': '/home/ubuntu/ros2_ws/src/bno055_driver', 'symlink_install': False, 'test_result_base': None}
[13.787s] INFO:colcon.colcon_core.executor:Executing jobs using 'parallel' executor
[13.949s] DEBUG:colcon.colcon_parallel_executor.executor.parallel:run_until_complete
[13.949s] INFO:colcon.colcon_ros.task.ament_python.build:Building ROS package in '/home/ubuntu/ros2_ws/src/bno055_driver' with build type 'ament_python'
[13.950s] Level 1:colcon.colcon_core.shell:create_environment_hook('bno055_driver', 'ament_prefix_path')
[14.164s] INFO:colcon.colcon_core.plugin_system:Skipping extension 'colcon_core.shell.bat': Not used on non-Windows systems
[14.166s] INFO:colcon.colcon_core.shell:Creating environment hook '/home/ubuntu/ros2_ws/install/bno055_driver/share/bno055_driver/hook/ament_prefix_path.ps1'
[14.169s] INFO:colcon.colcon_core.shell:Creating environment descriptor '/home/ubuntu/ros2_ws/install/bno055_driver/share/bno055_driver/hook/ament_prefix_path.dsv'
[14.172s] INFO:colcon.colcon_core.shell:Creating environment hook '/home/ubuntu/ros2_ws/install/bno055_driver/share/bno055_driver/hook/ament_prefix_path.sh'
[14.374s] INFO:colcon.colcon_core.shell:Skip shell extension 'powershell' for command environment: Not usable outside of PowerShell
[14.375s] DEBUG:colcon.colcon_core.shell:Skip shell extension 'dsv' for command environment
[18.369s] INFO:colcon.colcon_core.task.python.build:Building Python package in '/home/ubuntu/ros2_ws/src/bno055_driver'
[18.544s] INFO:colcon.colcon_core.shell:Skip shell extension 'powershell' for command environment: Not usable outside of PowerShell
[18.545s] DEBUG:colcon.colcon_core.shell:Skip shell extension 'dsv' for command environment
[23.839s] DEBUG:colcon.colcon_core.event_handler.log_command:Invoking command in '/home/ubuntu/ros2_ws/src/bno055_driver': PYTHONPATH=/home/ubuntu/ros2_ws/build/bno055_driver/prefix_override:/home/ubuntu/ros2_ws/install/bno055_driver/lib/python3.8/site-packages:${PYTHONPATH} /usr/bin/python3 setup.py egg_info --egg-base ../../build/bno055_driver build --build-base /home/ubuntu/ros2_ws/build/bno055_driver/build install --record /home/ubuntu/ros2_ws/build/bno055_driver/install.log --install-scripts $base/lib/bno055_driver --single-version-externally-managed
[27.868s] DEBUG:colcon.colcon_core.event_handler.log_command:Invoked command in '/home/ubuntu/ros2_ws/src/bno055_driver' returned '0': PYTHONPATH=/home/ubuntu/ros2_ws/build/bno055_driver/prefix_override:/home/ubuntu/ros2_ws/install/bno055_driver/lib/python3.8/site-packages:${PYTHONPATH} /usr/bin/python3 setup.py egg_info --egg-base ../../build/bno055_driver build --build-base /home/ubuntu/ros2_ws/build/bno055_driver/build install --record /home/ubuntu/ros2_ws/build/bno055_driver/install.log --install-scripts $base/lib/bno055_driver --single-version-externally-managed
[28.092s] Level 1:colcon.colcon_core.environment:checking '/home/ubuntu/ros2_ws/install/bno055_driver' for CMake module files
[28.094s] Level 1:colcon.colcon_core.environment:checking '/home/ubuntu/ros2_ws/install/bno055_driver' for CMake config files
[28.097s] Level 1:colcon.colcon_core.environment:checking '/home/ubuntu/ros2_ws/install/bno055_driver/lib'
[28.097s] Level 1:colcon.colcon_core.environment:checking '/home/ubuntu/ros2_ws/install/bno055_driver/bin'
[28.098s] Level 1:colcon.colcon_core.environment:checking '/home/ubuntu/ros2_ws/install/bno055_driver/lib/pkgconfig/bno055_driver.pc'
[28.099s] Level 1:colcon.colcon_core.environment:checking '/home/ubuntu/ros2_ws/install/bno055_driver/lib/python3.8/site-packages'
[28.099s] Level 1:colcon.colcon_core.shell:create_environment_hook('bno055_driver', 'pythonpath')
[28.269s] INFO:colcon.colcon_core.shell:Creating environment hook '/home/ubuntu/ros2_ws/install/bno055_driver/share/bno055_driver/hook/pythonpath.ps1'
[28.271s] INFO:colcon.colcon_core.shell:Creating environment descriptor '/home/ubuntu/ros2_ws/install/bno055_driver/share/bno055_driver/hook/pythonpath.dsv'
[28.272s] INFO:colcon.colcon_core.shell:Creating environment hook '/home/ubuntu/ros2_ws/install/bno055_driver/share/bno055_driver/hook/pythonpath.sh'
[28.274s] Level 1:colcon.colcon_core.environment:checking '/home/ubuntu/ros2_ws/install/bno055_driver/bin'
[28.274s] Level 1:colcon.colcon_core.environment:create_environment_scripts_only(bno055_driver)
[28.441s] INFO:colcon.colcon_core.shell:Creating package script '/home/ubuntu/ros2_ws/install/bno055_driver/share/bno055_driver/package.ps1'
[28.447s] INFO:colcon.colcon_core.shell:Creating package descriptor '/home/ubuntu/ros2_ws/install/bno055_driver/share/bno055_driver/package.dsv'
[28.449s] INFO:colcon.colcon_core.shell:Creating package script '/home/ubuntu/ros2_ws/install/bno055_driver/share/bno055_driver/package.sh'
[28.453s] INFO:colcon.colcon_core.shell:Creating package script '/home/ubuntu/ros2_ws/install/bno055_driver/share/bno055_driver/package.bash'
[28.457s] INFO:colcon.colcon_core.shell:Creating package script '/home/ubuntu/ros2_ws/install/bno055_driver/share/bno055_driver/package.zsh'
[28.462s] Level 1:colcon.colcon_core.environment:create_file_with_runtime_dependencies(/home/ubuntu/ros2_ws/install/bno055_driver/share/colcon-core/packages/bno055_driver)
[28.463s] DEBUG:colcon.colcon_parallel_executor.executor.parallel:closing loop
[28.464s] DEBUG:colcon.colcon_parallel_executor.executor.parallel:loop closed
[28.465s] DEBUG:colcon.colcon_parallel_executor.executor.parallel:run_until_complete finished with '0'
[28.465s] DEBUG:colcon.colcon_core.event_reactor:joining thread
[28.704s] INFO:colcon.colcon_core.plugin_system:Skipping extension 'colcon_notification.desktop_notification.notify_send': Could not find 'notify-send'
[28.705s] INFO:colcon.colcon_core.plugin_system:Skipping extension 'colcon_notification.desktop_notification.terminal_notifier': Not used on non-Darwin systems
[28.705s] INFO:colcon.colcon_core.plugin_system:Skipping extension 'colcon_notification.desktop_notification.win32': Not used on non-Windows systems
[28.705s] INFO:colcon.colcon_notification.desktop_notification:Sending desktop notification using 'notify2'
[28.745s] DEBUG:colcon.colcon_notification.desktop_notification.notify2:Failed to initialize notify2: org.freedesktop.DBus.Error.ServiceUnknown: The name org.freedesktop.Notifications was not provided by any .service files
[28.745s] DEBUG:colcon.colcon_core.event_reactor:joined thread
[28.915s] INFO:colcon.colcon_core.shell:Creating prefix script '/home/ubuntu/ros2_ws/install/local_setup.ps1'
[28.921s] INFO:colcon.colcon_core.shell:Creating prefix util module '/home/ubuntu/ros2_ws/install/_local_setup_util_ps1.py'
[28.927s] INFO:colcon.colcon_core.shell:Creating prefix chain script '/home/ubuntu/ros2_ws/install/setup.ps1'
[29.165s] INFO:colcon.colcon_core.shell:Creating prefix script '/home/ubuntu/ros2_ws/install/local_setup.sh'
[29.168s] INFO:colcon.colcon_core.shell:Creating prefix util module '/home/ubuntu/ros2_ws/install/_local_setup_util_sh.py'
[29.170s] INFO:colcon.colcon_core.shell:Creating prefix chain script '/home/ubuntu/ros2_ws/install/setup.sh'
[29.399s] INFO:colcon.colcon_core.shell:Creating prefix script '/home/ubuntu/ros2_ws/install/local_setup.bash'
[29.401s] INFO:colcon.colcon_core.shell:Creating prefix chain script '/home/ubuntu/ros2_ws/install/setup.bash'
[29.624s] INFO:colcon.colcon_core.shell:Creating prefix script '/home/ubuntu/ros2_ws/install/local_setup.zsh'
[29.627s] INFO:colcon.colcon_core.shell:Creating prefix chain script '/home/ubuntu/ros2_ws/install/setup.zsh'
