[10.144s] DEBUG:colcon:Command line arguments: ['/usr/bin/colcon', 'build', '--packages-select', 'py_serialinput']
[10.144s] DEBUG:colcon:Parsed command line arguments: Namespace(allow_overriding=[], ament_cmake_args=None, base_paths=['.'], build_base='build', catkin_cmake_args=None, catkin_skip_building_tests=False, cmake_args=None, cmake_clean_cache=False, cmake_clean_first=False, cmake_force_configure=False, cmake_target=None, cmake_target_skip_unavailable=False, continue_on_error=False, event_handlers=None, executor='parallel', ignore_user_meta=False, install_base='install', log_base=None, log_level=None, main=<bound method BuildVerb.main of <colcon_core.verb.build.BuildVerb object at 0xb5f9f9e8>>, merge_install=False, metas=['./colcon.meta'], packages_above=None, packages_above_and_dependencies=None, packages_above_depth=None, packages_end=None, packages_ignore=None, packages_ignore_regex=None, packages_select=['py_serialinput'], packages_select_build_failed=False, packages_select_by_dep=None, packages_select_regex=None, packages_select_test_failures=False, packages_skip=None, packages_skip_build_finished=False, packages_skip_by_dep=None, packages_skip_regex=None, packages_skip_test_passed=False, packages_skip_up_to=None, packages_start=None, packages_up_to=None, packages_up_to_regex=None, parallel_workers=4, paths=None, symlink_install=False, test_result_base=None, verb_extension=<colcon_core.verb.build.BuildVerb object at 0xb5f9f9e8>, verb_name='build', verb_parser=<colcon_defaults.argument_parser.defaults.DefaultArgumentsDecorator object at 0xb5c8aa48>)
[10.632s] Level 1:colcon.colcon_core.package_discovery:discover_packages(colcon_meta) check parameters
[10.633s] Level 1:colcon.colcon_core.package_discovery:discover_packages(recursive) check parameters
[10.633s] Level 1:colcon.colcon_core.package_discovery:discover_packages(ignore) check parameters
[10.633s] Level 1:colcon.colcon_core.package_discovery:discover_packages(path) check parameters
[10.633s] Level 1:colcon.colcon_core.package_discovery:discover_packages(colcon_meta) discover
[10.633s] Level 1:colcon.colcon_core.package_discovery:discover_packages(recursive) discover
[10.633s] INFO:colcon.colcon_core.package_discovery:Crawling recursively for packages in '/home/ubuntu/ros2_ws'
[10.634s] Level 1:colcon.colcon_core.package_identification:_identify(.) by extensions ['ignore', 'ignore_ament_install']
[10.634s] Level 1:colcon.colcon_core.package_identification:_identify(.) by extension 'ignore'
[10.634s] Level 1:colcon.colcon_core.package_identification:_identify(.) by extension 'ignore_ament_install'
[10.634s] Level 1:colcon.colcon_core.package_identification:_identify(.) by extensions ['colcon_pkg']
[10.634s] Level 1:colcon.colcon_core.package_identification:_identify(.) by extension 'colcon_pkg'
[10.635s] Level 1:colcon.colcon_core.package_identification:_identify(.) by extensions ['colcon_meta']
[10.635s] Level 1:colcon.colcon_core.package_identification:_identify(.) by extension 'colcon_meta'
[10.635s] Level 1:colcon.colcon_core.package_identification:_identify(.) by extensions ['ros']
[10.635s] Level 1:colcon.colcon_core.package_identification:_identify(.) by extension 'ros'
[10.687s] Level 1:colcon.colcon_core.package_identification:_identify(.) by extensions ['cmake', 'python']
[10.687s] Level 1:colcon.colcon_core.package_identification:_identify(.) by extension 'cmake'
[10.687s] Level 1:colcon.colcon_core.package_identification:_identify(.) by extension 'python'
[10.687s] Level 1:colcon.colcon_core.package_identification:_identify(.) by extensions ['python_setup_py']
[10.687s] Level 1:colcon.colcon_core.package_identification:_identify(.) by extension 'python_setup_py'
[10.688s] Level 1:colcon.colcon_core.package_identification:_identify(build) by extensions ['ignore', 'ignore_ament_install']
[10.688s] Level 1:colcon.colcon_core.package_identification:_identify(build) by extension 'ignore'
[10.688s] Level 1:colcon.colcon_core.package_identification:_identify(build) ignored
[10.689s] Level 1:colcon.colcon_core.package_identification:_identify(install) by extensions ['ignore', 'ignore_ament_install']
[10.689s] Level 1:colcon.colcon_core.package_identification:_identify(install) by extension 'ignore'
[10.689s] Level 1:colcon.colcon_core.package_identification:_identify(install) ignored
[10.690s] Level 1:colcon.colcon_core.package_identification:_identify(log) by extensions ['ignore', 'ignore_ament_install']
[10.690s] Level 1:colcon.colcon_core.package_identification:_identify(log) by extension 'ignore'
[10.690s] Level 1:colcon.colcon_core.package_identification:_identify(log) ignored
[10.690s] Level 1:colcon.colcon_core.package_identification:_identify(src) by extensions ['ignore', 'ignore_ament_install']
[10.691s] Level 1:colcon.colcon_core.package_identification:_identify(src) by extension 'ignore'
[10.691s] Level 1:colcon.colcon_core.package_identification:_identify(src) by extension 'ignore_ament_install'
[10.691s] Level 1:colcon.colcon_core.package_identification:_identify(src) by extensions ['colcon_pkg']
[10.691s] Level 1:colcon.colcon_core.package_identification:_identify(src) by extension 'colcon_pkg'
[10.691s] Level 1:colcon.colcon_core.package_identification:_identify(src) by extensions ['colcon_meta']
[10.691s] Level 1:colcon.colcon_core.package_identification:_identify(src) by extension 'colcon_meta'
[10.692s] Level 1:colcon.colcon_core.package_identification:_identify(src) by extensions ['ros']
[10.692s] Level 1:colcon.colcon_core.package_identification:_identify(src) by extension 'ros'
[10.692s] Level 1:colcon.colcon_core.package_identification:_identify(src) by extensions ['cmake', 'python']
[10.692s] Level 1:colcon.colcon_core.package_identification:_identify(src) by extension 'cmake'
[10.692s] Level 1:colcon.colcon_core.package_identification:_identify(src) by extension 'python'
[10.692s] Level 1:colcon.colcon_core.package_identification:_identify(src) by extensions ['python_setup_py']
[10.693s] Level 1:colcon.colcon_core.package_identification:_identify(src) by extension 'python_setup_py'
[10.693s] Level 1:colcon.colcon_core.package_identification:_identify(src/py_serialinput) by extensions ['ignore', 'ignore_ament_install']
[10.693s] Level 1:colcon.colcon_core.package_identification:_identify(src/py_serialinput) by extension 'ignore'
[10.693s] Level 1:colcon.colcon_core.package_identification:_identify(src/py_serialinput) by extension 'ignore_ament_install'
[10.694s] Level 1:colcon.colcon_core.package_identification:_identify(src/py_serialinput) by extensions ['colcon_pkg']
[10.694s] Level 1:colcon.colcon_core.package_identification:_identify(src/py_serialinput) by extension 'colcon_pkg'
[10.694s] Level 1:colcon.colcon_core.package_identification:_identify(src/py_serialinput) by extensions ['colcon_meta']
[10.694s] Level 1:colcon.colcon_core.package_identification:_identify(src/py_serialinput) by extension 'colcon_meta'
[10.694s] Level 1:colcon.colcon_core.package_identification:_identify(src/py_serialinput) by extensions ['ros']
[10.694s] Level 1:colcon.colcon_core.package_identification:_identify(src/py_serialinput) by extension 'ros'
[10.702s] DEBUG:colcon.colcon_core.package_identification:Package 'src/py_serialinput' with type 'ros.ament_python' and name 'py_serialinput'
[10.702s] Level 1:colcon.colcon_core.package_discovery:discover_packages(recursive) using defaults
[10.702s] Level 1:colcon.colcon_core.package_discovery:discover_packages(ignore) discover
[10.702s] Level 1:colcon.colcon_core.package_discovery:discover_packages(ignore) using defaults
[10.703s] Level 1:colcon.colcon_core.package_discovery:discover_packages(path) discover
[10.703s] Level 1:colcon.colcon_core.package_discovery:discover_packages(path) using defaults
[11.674s] Level 1:colcon.colcon_core.package_discovery:discover_packages(prefix_path) check parameters
[11.674s] Level 1:colcon.colcon_core.package_discovery:discover_packages(prefix_path) discover
[12.081s] DEBUG:colcon.colcon_installed_package_information.package_discovery:Found 311 installed packages in /home/ubuntu/ros2_foxy/install
[12.090s] Level 1:colcon.colcon_core.package_discovery:discover_packages(prefix_path) using defaults
[12.544s] Level 5:colcon.colcon_core.verb:set package 'py_serialinput' build argument 'cmake_args' from command line to 'None'
[12.544s] Level 5:colcon.colcon_core.verb:set package 'py_serialinput' build argument 'cmake_target' from command line to 'None'
[12.544s] Level 5:colcon.colcon_core.verb:set package 'py_serialinput' build argument 'cmake_target_skip_unavailable' from command line to 'False'
[12.544s] Level 5:colcon.colcon_core.verb:set package 'py_serialinput' build argument 'cmake_clean_cache' from command line to 'False'
[12.544s] Level 5:colcon.colcon_core.verb:set package 'py_serialinput' build argument 'cmake_clean_first' from command line to 'False'
[12.544s] Level 5:colcon.colcon_core.verb:set package 'py_serialinput' build argument 'cmake_force_configure' from command line to 'False'
[12.544s] Level 5:colcon.colcon_core.verb:set package 'py_serialinput' build argument 'ament_cmake_args' from command line to 'None'
[12.544s] Level 5:colcon.colcon_core.verb:set package 'py_serialinput' build argument 'catkin_cmake_args' from command line to 'None'
[12.545s] Level 5:colcon.colcon_core.verb:set package 'py_serialinput' build argument 'catkin_skip_building_tests' from command line to 'False'
[12.545s] DEBUG:colcon.colcon_core.verb:Building package 'py_serialinput' with the following arguments: {'ament_cmake_args': None, 'build_base': '/home/ubuntu/ros2_ws/build/py_serialinput', 'catkin_cmake_args': None, 'catkin_skip_building_tests': False, 'cmake_args': None, 'cmake_clean_cache': False, 'cmake_clean_first': False, 'cmake_force_configure': False, 'cmake_target': None, 'cmake_target_skip_unavailable': False, 'install_base': '/home/ubuntu/ros2_ws/install/py_serialinput', 'merge_install': False, 'path': '/home/ubuntu/ros2_ws/src/py_serialinput', 'symlink_install': False, 'test_result_base': None}
[12.710s] INFO:colcon.colcon_core.executor:Executing jobs using 'parallel' executor
[12.871s] DEBUG:colcon.colcon_parallel_executor.executor.parallel:run_until_complete
[12.872s] INFO:colcon.colcon_ros.task.ament_python.build:Building ROS package in '/home/ubuntu/ros2_ws/src/py_serialinput' with build type 'ament_python'
[12.872s] Level 1:colcon.colcon_core.shell:create_environment_hook('py_serialinput', 'ament_prefix_path')
[13.060s] INFO:colcon.colcon_core.plugin_system:Skipping extension 'colcon_core.shell.bat': Not used on non-Windows systems
[13.061s] INFO:colcon.colcon_core.shell:Creating environment hook '/home/ubuntu/ros2_ws/install/py_serialinput/share/py_serialinput/hook/ament_prefix_path.ps1'
[13.063s] INFO:colcon.colcon_core.shell:Creating environment descriptor '/home/ubuntu/ros2_ws/install/py_serialinput/share/py_serialinput/hook/ament_prefix_path.dsv'
[13.065s] INFO:colcon.colcon_core.shell:Creating environment hook '/home/ubuntu/ros2_ws/install/py_serialinput/share/py_serialinput/hook/ament_prefix_path.sh'
[13.260s] INFO:colcon.colcon_core.shell:Skip shell extension 'powershell' for command environment: Not usable outside of PowerShell
[13.260s] DEBUG:colcon.colcon_core.shell:Skip shell extension 'dsv' for command environment
[17.206s] INFO:colcon.colcon_core.task.python.build:Building Python package in '/home/ubuntu/ros2_ws/src/py_serialinput'
[17.376s] INFO:colcon.colcon_core.shell:Skip shell extension 'powershell' for command environment: Not usable outside of PowerShell
[17.376s] DEBUG:colcon.colcon_core.shell:Skip shell extension 'dsv' for command environment
[22.269s] DEBUG:colcon.colcon_core.event_handler.log_command:Invoking command in '/home/ubuntu/ros2_ws/src/py_serialinput': PYTHONPATH=/home/ubuntu/ros2_ws/build/py_serialinput/prefix_override:/home/ubuntu/ros2_ws/install/py_serialinput/lib/python3.8/site-packages:${PYTHONPATH} /usr/bin/python3 setup.py egg_info --egg-base ../../build/py_serialinput build --build-base /home/ubuntu/ros2_ws/build/py_serialinput/build install --record /home/ubuntu/ros2_ws/build/py_serialinput/install.log --install-scripts $base/lib/py_serialinput --single-version-externally-managed
[26.209s] DEBUG:colcon.colcon_core.event_handler.log_command:Invoked command in '/home/ubuntu/ros2_ws/src/py_serialinput' returned '0': PYTHONPATH=/home/ubuntu/ros2_ws/build/py_serialinput/prefix_override:/home/ubuntu/ros2_ws/install/py_serialinput/lib/python3.8/site-packages:${PYTHONPATH} /usr/bin/python3 setup.py egg_info --egg-base ../../build/py_serialinput build --build-base /home/ubuntu/ros2_ws/build/py_serialinput/build install --record /home/ubuntu/ros2_ws/build/py_serialinput/install.log --install-scripts $base/lib/py_serialinput --single-version-externally-managed
[26.429s] Level 1:colcon.colcon_core.environment:checking '/home/ubuntu/ros2_ws/install/py_serialinput' for CMake module files
[26.431s] Level 1:colcon.colcon_core.environment:checking '/home/ubuntu/ros2_ws/install/py_serialinput' for CMake config files
[26.434s] Level 1:colcon.colcon_core.environment:checking '/home/ubuntu/ros2_ws/install/py_serialinput/lib'
[26.435s] Level 1:colcon.colcon_core.environment:checking '/home/ubuntu/ros2_ws/install/py_serialinput/bin'
[26.435s] Level 1:colcon.colcon_core.environment:checking '/home/ubuntu/ros2_ws/install/py_serialinput/lib/pkgconfig/py_serialinput.pc'
[26.436s] Level 1:colcon.colcon_core.environment:checking '/home/ubuntu/ros2_ws/install/py_serialinput/lib/python3.8/site-packages'
[26.436s] Level 1:colcon.colcon_core.shell:create_environment_hook('py_serialinput', 'pythonpath')
[26.604s] INFO:colcon.colcon_core.shell:Creating environment hook '/home/ubuntu/ros2_ws/install/py_serialinput/share/py_serialinput/hook/pythonpath.ps1'
[26.605s] INFO:colcon.colcon_core.shell:Creating environment descriptor '/home/ubuntu/ros2_ws/install/py_serialinput/share/py_serialinput/hook/pythonpath.dsv'
[26.606s] INFO:colcon.colcon_core.shell:Creating environment hook '/home/ubuntu/ros2_ws/install/py_serialinput/share/py_serialinput/hook/pythonpath.sh'
[26.608s] Level 1:colcon.colcon_core.environment:checking '/home/ubuntu/ros2_ws/install/py_serialinput/bin'
[26.608s] Level 1:colcon.colcon_core.environment:create_environment_scripts_only(py_serialinput)
[26.772s] INFO:colcon.colcon_core.shell:Creating package script '/home/ubuntu/ros2_ws/install/py_serialinput/share/py_serialinput/package.ps1'
[26.778s] INFO:colcon.colcon_core.shell:Creating package descriptor '/home/ubuntu/ros2_ws/install/py_serialinput/share/py_serialinput/package.dsv'
[26.781s] INFO:colcon.colcon_core.shell:Creating package script '/home/ubuntu/ros2_ws/install/py_serialinput/share/py_serialinput/package.sh'
[26.785s] INFO:colcon.colcon_core.shell:Creating package script '/home/ubuntu/ros2_ws/install/py_serialinput/share/py_serialinput/package.bash'
[26.788s] INFO:colcon.colcon_core.shell:Creating package script '/home/ubuntu/ros2_ws/install/py_serialinput/share/py_serialinput/package.zsh'
[26.792s] Level 1:colcon.colcon_core.environment:create_file_with_runtime_dependencies(/home/ubuntu/ros2_ws/install/py_serialinput/share/colcon-core/packages/py_serialinput)
[26.793s] DEBUG:colcon.colcon_parallel_executor.executor.parallel:closing loop
[26.794s] DEBUG:colcon.colcon_parallel_executor.executor.parallel:loop closed
[26.795s] DEBUG:colcon.colcon_parallel_executor.executor.parallel:run_until_complete finished with '0'
[26.795s] DEBUG:colcon.colcon_core.event_reactor:joining thread
[27.009s] INFO:colcon.colcon_core.plugin_system:Skipping extension 'colcon_notification.desktop_notification.notify_send': Could not find 'notify-send'
[27.009s] INFO:colcon.colcon_core.plugin_system:Skipping extension 'colcon_notification.desktop_notification.terminal_notifier': Not used on non-Darwin systems
[27.010s] INFO:colcon.colcon_core.plugin_system:Skipping extension 'colcon_notification.desktop_notification.win32': Not used on non-Windows systems
[27.010s] INFO:colcon.colcon_notification.desktop_notification:Sending desktop notification using 'notify2'
[27.012s] DEBUG:colcon.colcon_notification.desktop_notification.notify2:Failed to initialize notify2: org.freedesktop.DBus.Error.ServiceUnknown: The name org.freedesktop.Notifications was not provided by any .service files
[27.012s] DEBUG:colcon.colcon_core.event_reactor:joined thread
[27.176s] INFO:colcon.colcon_core.shell:Creating prefix script '/home/ubuntu/ros2_ws/install/local_setup.ps1'
[27.179s] INFO:colcon.colcon_core.shell:Creating prefix util module '/home/ubuntu/ros2_ws/install/_local_setup_util_ps1.py'
[27.184s] INFO:colcon.colcon_core.shell:Creating prefix chain script '/home/ubuntu/ros2_ws/install/setup.ps1'
[27.400s] INFO:colcon.colcon_core.shell:Creating prefix script '/home/ubuntu/ros2_ws/install/local_setup.sh'
[27.403s] INFO:colcon.colcon_core.shell:Creating prefix util module '/home/ubuntu/ros2_ws/install/_local_setup_util_sh.py'
[27.405s] INFO:colcon.colcon_core.shell:Creating prefix chain script '/home/ubuntu/ros2_ws/install/setup.sh'
[27.623s] INFO:colcon.colcon_core.shell:Creating prefix script '/home/ubuntu/ros2_ws/install/local_setup.bash'
[27.625s] INFO:colcon.colcon_core.shell:Creating prefix chain script '/home/ubuntu/ros2_ws/install/setup.bash'
[27.842s] INFO:colcon.colcon_core.shell:Creating prefix script '/home/ubuntu/ros2_ws/install/local_setup.zsh'
[27.844s] INFO:colcon.colcon_core.shell:Creating prefix chain script '/home/ubuntu/ros2_ws/install/setup.zsh'
