running egg_info
writing ../../build/py_serialinput/py_serialinput.egg-info/PKG-INFO
writing dependency_links to ../../build/py_serialinput/py_serialinput.egg-info/dependency_links.txt
writing entry points to ../../build/py_serialinput/py_serialinput.egg-info/entry_points.txt
writing requirements to ../../build/py_serialinput/py_serialinput.egg-info/requires.txt
writing top-level names to ../../build/py_serialinput/py_serialinput.egg-info/top_level.txt
reading manifest file '../../build/py_serialinput/py_serialinput.egg-info/SOURCES.txt'
writing manifest file '../../build/py_serialinput/py_serialinput.egg-info/SOURCES.txt'
running build
running build_py
running install
running install_lib
running install_data
copying resource/py_serialinput -> /home/ubuntu/ros2_ws/install/py_serialinput/share/ament_index/resource_index/packages
copying package.xml -> /home/ubuntu/ros2_ws/install/py_serialinput/share/py_serialinput
running install_egg_info
Copying ../../build/py_serialinput/py_serialinput.egg-info to /home/ubuntu/ros2_ws/install/py_serialinput/lib/python3.8/site-packages/py_serialinput-0.0.0-py3.8.egg-info
running install_scripts
Installing listener script to /home/ubuntu/ros2_ws/install/py_serialinput/lib/py_serialinput
Installing talker script to /home/ubuntu/ros2_ws/install/py_serialinput/lib/py_serialinput
writing list of installed files to '/home/ubuntu/ros2_ws/build/py_serialinput/install.log'
