[10.266s] DEBUG:colcon:Command line arguments: ['/usr/bin/colcon', 'build', '--packages-select', 'py_pubsub']
[10.266s] DEBUG:colcon:Parsed command line arguments: Namespace(allow_overriding=[], ament_cmake_args=None, base_paths=['.'], build_base='build', catkin_cmake_args=None, catkin_skip_building_tests=False, cmake_args=None, cmake_clean_cache=False, cmake_clean_first=False, cmake_force_configure=False, cmake_target=None, cmake_target_skip_unavailable=False, continue_on_error=False, event_handlers=None, executor='parallel', ignore_user_meta=False, install_base='install', log_base=None, log_level=None, main=<bound method BuildVerb.main of <colcon_core.verb.build.BuildVerb object at 0xb5ee9280>>, merge_install=False, metas=['./colcon.meta'], packages_above=None, packages_above_and_dependencies=None, packages_above_depth=None, packages_end=None, packages_ignore=None, packages_ignore_regex=None, packages_select=['py_pubsub'], packages_select_build_failed=False, packages_select_by_dep=None, packages_select_regex=None, packages_select_test_failures=False, packages_skip=None, packages_skip_build_finished=False, packages_skip_by_dep=None, packages_skip_regex=None, packages_skip_test_passed=False, packages_skip_up_to=None, packages_start=None, packages_up_to=None, packages_up_to_regex=None, parallel_workers=4, paths=None, symlink_install=False, test_result_base=None, verb_extension=<colcon_core.verb.build.BuildVerb object at 0xb5ee9280>, verb_name='build', verb_parser=<colcon_defaults.argument_parser.defaults.DefaultArgumentsDecorator object at 0xb5ba89b8>)
[10.763s] Level 1:colcon.colcon_core.package_discovery:discover_packages(colcon_meta) check parameters
[10.763s] Level 1:colcon.colcon_core.package_discovery:discover_packages(recursive) check parameters
[10.763s] Level 1:colcon.colcon_core.package_discovery:discover_packages(ignore) check parameters
[10.763s] Level 1:colcon.colcon_core.package_discovery:discover_packages(path) check parameters
[10.763s] Level 1:colcon.colcon_core.package_discovery:discover_packages(colcon_meta) discover
[10.764s] Level 1:colcon.colcon_core.package_discovery:discover_packages(recursive) discover
[10.764s] INFO:colcon.colcon_core.package_discovery:Crawling recursively for packages in '/home/ubuntu/ros2_ws'
[10.764s] Level 1:colcon.colcon_core.package_identification:_identify(.) by extensions ['ignore', 'ignore_ament_install']
[10.764s] Level 1:colcon.colcon_core.package_identification:_identify(.) by extension 'ignore'
[10.765s] Level 1:colcon.colcon_core.package_identification:_identify(.) by extension 'ignore_ament_install'
[10.765s] Level 1:colcon.colcon_core.package_identification:_identify(.) by extensions ['colcon_pkg']
[10.765s] Level 1:colcon.colcon_core.package_identification:_identify(.) by extension 'colcon_pkg'
[10.765s] Level 1:colcon.colcon_core.package_identification:_identify(.) by extensions ['colcon_meta']
[10.765s] Level 1:colcon.colcon_core.package_identification:_identify(.) by extension 'colcon_meta'
[10.765s] Level 1:colcon.colcon_core.package_identification:_identify(.) by extensions ['ros']
[10.765s] Level 1:colcon.colcon_core.package_identification:_identify(.) by extension 'ros'
[10.815s] Level 1:colcon.colcon_core.package_identification:_identify(.) by extensions ['cmake', 'python']
[10.815s] Level 1:colcon.colcon_core.package_identification:_identify(.) by extension 'cmake'
[10.816s] Level 1:colcon.colcon_core.package_identification:_identify(.) by extension 'python'
[10.816s] Level 1:colcon.colcon_core.package_identification:_identify(.) by extensions ['python_setup_py']
[10.816s] Level 1:colcon.colcon_core.package_identification:_identify(.) by extension 'python_setup_py'
[10.816s] Level 1:colcon.colcon_core.package_identification:_identify(build) by extensions ['ignore', 'ignore_ament_install']
[10.817s] Level 1:colcon.colcon_core.package_identification:_identify(build) by extension 'ignore'
[10.817s] Level 1:colcon.colcon_core.package_identification:_identify(build) ignored
[10.817s] Level 1:colcon.colcon_core.package_identification:_identify(install) by extensions ['ignore', 'ignore_ament_install']
[10.817s] Level 1:colcon.colcon_core.package_identification:_identify(install) by extension 'ignore'
[10.818s] Level 1:colcon.colcon_core.package_identification:_identify(install) ignored
[10.818s] Level 1:colcon.colcon_core.package_identification:_identify(log) by extensions ['ignore', 'ignore_ament_install']
[10.818s] Level 1:colcon.colcon_core.package_identification:_identify(log) by extension 'ignore'
[10.818s] Level 1:colcon.colcon_core.package_identification:_identify(log) ignored
[10.819s] Level 1:colcon.colcon_core.package_identification:_identify(src) by extensions ['ignore', 'ignore_ament_install']
[10.819s] Level 1:colcon.colcon_core.package_identification:_identify(src) by extension 'ignore'
[10.819s] Level 1:colcon.colcon_core.package_identification:_identify(src) by extension 'ignore_ament_install'
[10.819s] Level 1:colcon.colcon_core.package_identification:_identify(src) by extensions ['colcon_pkg']
[10.820s] Level 1:colcon.colcon_core.package_identification:_identify(src) by extension 'colcon_pkg'
[10.820s] Level 1:colcon.colcon_core.package_identification:_identify(src) by extensions ['colcon_meta']
[10.820s] Level 1:colcon.colcon_core.package_identification:_identify(src) by extension 'colcon_meta'
[10.820s] Level 1:colcon.colcon_core.package_identification:_identify(src) by extensions ['ros']
[10.820s] Level 1:colcon.colcon_core.package_identification:_identify(src) by extension 'ros'
[10.820s] Level 1:colcon.colcon_core.package_identification:_identify(src) by extensions ['cmake', 'python']
[10.821s] Level 1:colcon.colcon_core.package_identification:_identify(src) by extension 'cmake'
[10.821s] Level 1:colcon.colcon_core.package_identification:_identify(src) by extension 'python'
[10.821s] Level 1:colcon.colcon_core.package_identification:_identify(src) by extensions ['python_setup_py']
[10.821s] Level 1:colcon.colcon_core.package_identification:_identify(src) by extension 'python_setup_py'
[10.821s] Level 1:colcon.colcon_core.package_identification:_identify(src/py_pubsub) by extensions ['ignore', 'ignore_ament_install']
[10.822s] Level 1:colcon.colcon_core.package_identification:_identify(src/py_pubsub) by extension 'ignore'
[10.822s] Level 1:colcon.colcon_core.package_identification:_identify(src/py_pubsub) by extension 'ignore_ament_install'
[10.822s] Level 1:colcon.colcon_core.package_identification:_identify(src/py_pubsub) by extensions ['colcon_pkg']
[10.822s] Level 1:colcon.colcon_core.package_identification:_identify(src/py_pubsub) by extension 'colcon_pkg'
[10.822s] Level 1:colcon.colcon_core.package_identification:_identify(src/py_pubsub) by extensions ['colcon_meta']
[10.822s] Level 1:colcon.colcon_core.package_identification:_identify(src/py_pubsub) by extension 'colcon_meta'
[10.823s] Level 1:colcon.colcon_core.package_identification:_identify(src/py_pubsub) by extensions ['ros']
[10.823s] Level 1:colcon.colcon_core.package_identification:_identify(src/py_pubsub) by extension 'ros'
[10.833s] DEBUG:colcon.colcon_core.package_identification:Package 'src/py_pubsub' with type 'ros.ament_python' and name 'py_pubsub'
[10.833s] Level 1:colcon.colcon_core.package_discovery:discover_packages(recursive) using defaults
[10.834s] Level 1:colcon.colcon_core.package_discovery:discover_packages(ignore) discover
[10.834s] Level 1:colcon.colcon_core.package_discovery:discover_packages(ignore) using defaults
[10.834s] Level 1:colcon.colcon_core.package_discovery:discover_packages(path) discover
[10.834s] Level 1:colcon.colcon_core.package_discovery:discover_packages(path) using defaults
[11.816s] Level 1:colcon.colcon_core.package_discovery:discover_packages(prefix_path) check parameters
[11.817s] Level 1:colcon.colcon_core.package_discovery:discover_packages(prefix_path) discover
[12.191s] DEBUG:colcon.colcon_installed_package_information.package_discovery:Found 3 installed packages in /home/ubuntu/ros2_ws/install
[12.391s] DEBUG:colcon.colcon_installed_package_information.package_discovery:Found 311 installed packages in /home/ubuntu/ros2_foxy/install
[12.400s] Level 1:colcon.colcon_core.package_discovery:discover_packages(prefix_path) using defaults
[12.828s] Level 5:colcon.colcon_core.verb:set package 'py_pubsub' build argument 'cmake_args' from command line to 'None'
[12.829s] Level 5:colcon.colcon_core.verb:set package 'py_pubsub' build argument 'cmake_target' from command line to 'None'
[12.829s] Level 5:colcon.colcon_core.verb:set package 'py_pubsub' build argument 'cmake_target_skip_unavailable' from command line to 'False'
[12.829s] Level 5:colcon.colcon_core.verb:set package 'py_pubsub' build argument 'cmake_clean_cache' from command line to 'False'
[12.829s] Level 5:colcon.colcon_core.verb:set package 'py_pubsub' build argument 'cmake_clean_first' from command line to 'False'
[12.829s] Level 5:colcon.colcon_core.verb:set package 'py_pubsub' build argument 'cmake_force_configure' from command line to 'False'
[12.829s] Level 5:colcon.colcon_core.verb:set package 'py_pubsub' build argument 'ament_cmake_args' from command line to 'None'
[12.829s] Level 5:colcon.colcon_core.verb:set package 'py_pubsub' build argument 'catkin_cmake_args' from command line to 'None'
[12.829s] Level 5:colcon.colcon_core.verb:set package 'py_pubsub' build argument 'catkin_skip_building_tests' from command line to 'False'
[12.830s] DEBUG:colcon.colcon_core.verb:Building package 'py_pubsub' with the following arguments: {'ament_cmake_args': None, 'build_base': '/home/ubuntu/ros2_ws/build/py_pubsub', 'catkin_cmake_args': None, 'catkin_skip_building_tests': False, 'cmake_args': None, 'cmake_clean_cache': False, 'cmake_clean_first': False, 'cmake_force_configure': False, 'cmake_target': None, 'cmake_target_skip_unavailable': False, 'install_base': '/home/ubuntu/ros2_ws/install/py_pubsub', 'merge_install': False, 'path': '/home/ubuntu/ros2_ws/src/py_pubsub', 'symlink_install': False, 'test_result_base': None}
[12.989s] INFO:colcon.colcon_core.executor:Executing jobs using 'parallel' executor
[13.151s] DEBUG:colcon.colcon_parallel_executor.executor.parallel:run_until_complete
[13.152s] INFO:colcon.colcon_ros.task.ament_python.build:Building ROS package in '/home/ubuntu/ros2_ws/src/py_pubsub' with build type 'ament_python'
[13.153s] Level 1:colcon.colcon_core.shell:create_environment_hook('py_pubsub', 'ament_prefix_path')
[13.344s] INFO:colcon.colcon_core.plugin_system:Skipping extension 'colcon_core.shell.bat': Not used on non-Windows systems
[13.345s] INFO:colcon.colcon_core.shell:Creating environment hook '/home/ubuntu/ros2_ws/install/py_pubsub/share/py_pubsub/hook/ament_prefix_path.ps1'
[13.347s] INFO:colcon.colcon_core.shell:Creating environment descriptor '/home/ubuntu/ros2_ws/install/py_pubsub/share/py_pubsub/hook/ament_prefix_path.dsv'
[13.349s] INFO:colcon.colcon_core.shell:Creating environment hook '/home/ubuntu/ros2_ws/install/py_pubsub/share/py_pubsub/hook/ament_prefix_path.sh'
[13.518s] INFO:colcon.colcon_core.shell:Skip shell extension 'powershell' for command environment: Not usable outside of PowerShell
[13.518s] DEBUG:colcon.colcon_core.shell:Skip shell extension 'dsv' for command environment
[17.726s] INFO:colcon.colcon_core.task.python.build:Building Python package in '/home/ubuntu/ros2_ws/src/py_pubsub'
[17.931s] INFO:colcon.colcon_core.shell:Skip shell extension 'powershell' for command environment: Not usable outside of PowerShell
[17.931s] DEBUG:colcon.colcon_core.shell:Skip shell extension 'dsv' for command environment
[23.083s] DEBUG:colcon.colcon_core.event_handler.log_command:Invoking command in '/home/ubuntu/ros2_ws/src/py_pubsub': PYTHONPATH=/home/ubuntu/ros2_ws/build/py_pubsub/prefix_override:/home/ubuntu/ros2_ws/install/py_pubsub/lib/python3.8/site-packages:${PYTHONPATH} /usr/bin/python3 setup.py egg_info --egg-base ../../build/py_pubsub build --build-base /home/ubuntu/ros2_ws/build/py_pubsub/build install --record /home/ubuntu/ros2_ws/build/py_pubsub/install.log --install-scripts $base/lib/py_pubsub --single-version-externally-managed
[27.080s] DEBUG:colcon.colcon_core.event_handler.log_command:Invoked command in '/home/ubuntu/ros2_ws/src/py_pubsub' returned '0': PYTHONPATH=/home/ubuntu/ros2_ws/build/py_pubsub/prefix_override:/home/ubuntu/ros2_ws/install/py_pubsub/lib/python3.8/site-packages:${PYTHONPATH} /usr/bin/python3 setup.py egg_info --egg-base ../../build/py_pubsub build --build-base /home/ubuntu/ros2_ws/build/py_pubsub/build install --record /home/ubuntu/ros2_ws/build/py_pubsub/install.log --install-scripts $base/lib/py_pubsub --single-version-externally-managed
[27.277s] Level 1:colcon.colcon_core.environment:checking '/home/ubuntu/ros2_ws/install/py_pubsub' for CMake module files
[27.279s] Level 1:colcon.colcon_core.environment:checking '/home/ubuntu/ros2_ws/install/py_pubsub' for CMake config files
[27.281s] Level 1:colcon.colcon_core.environment:checking '/home/ubuntu/ros2_ws/install/py_pubsub/lib'
[27.282s] Level 1:colcon.colcon_core.environment:checking '/home/ubuntu/ros2_ws/install/py_pubsub/bin'
[27.282s] Level 1:colcon.colcon_core.environment:checking '/home/ubuntu/ros2_ws/install/py_pubsub/lib/pkgconfig/py_pubsub.pc'
[27.283s] Level 1:colcon.colcon_core.environment:checking '/home/ubuntu/ros2_ws/install/py_pubsub/lib/python3.8/site-packages'
[27.283s] Level 1:colcon.colcon_core.shell:create_environment_hook('py_pubsub', 'pythonpath')
[27.450s] INFO:colcon.colcon_core.shell:Creating environment hook '/home/ubuntu/ros2_ws/install/py_pubsub/share/py_pubsub/hook/pythonpath.ps1'
[27.452s] INFO:colcon.colcon_core.shell:Creating environment descriptor '/home/ubuntu/ros2_ws/install/py_pubsub/share/py_pubsub/hook/pythonpath.dsv'
[27.453s] INFO:colcon.colcon_core.shell:Creating environment hook '/home/ubuntu/ros2_ws/install/py_pubsub/share/py_pubsub/hook/pythonpath.sh'
[27.455s] Level 1:colcon.colcon_core.environment:checking '/home/ubuntu/ros2_ws/install/py_pubsub/bin'
[27.456s] Level 1:colcon.colcon_core.environment:create_environment_scripts_only(py_pubsub)
[27.620s] INFO:colcon.colcon_core.shell:Creating package script '/home/ubuntu/ros2_ws/install/py_pubsub/share/py_pubsub/package.ps1'
[27.624s] INFO:colcon.colcon_core.shell:Creating package descriptor '/home/ubuntu/ros2_ws/install/py_pubsub/share/py_pubsub/package.dsv'
[27.626s] INFO:colcon.colcon_core.shell:Creating package script '/home/ubuntu/ros2_ws/install/py_pubsub/share/py_pubsub/package.sh'
[27.629s] INFO:colcon.colcon_core.shell:Creating package script '/home/ubuntu/ros2_ws/install/py_pubsub/share/py_pubsub/package.bash'
[27.632s] INFO:colcon.colcon_core.shell:Creating package script '/home/ubuntu/ros2_ws/install/py_pubsub/share/py_pubsub/package.zsh'
[27.634s] Level 1:colcon.colcon_core.environment:create_file_with_runtime_dependencies(/home/ubuntu/ros2_ws/install/py_pubsub/share/colcon-core/packages/py_pubsub)
[27.635s] DEBUG:colcon.colcon_parallel_executor.executor.parallel:closing loop
[27.637s] DEBUG:colcon.colcon_parallel_executor.executor.parallel:loop closed
[27.637s] DEBUG:colcon.colcon_parallel_executor.executor.parallel:run_until_complete finished with '0'
[27.637s] DEBUG:colcon.colcon_core.event_reactor:joining thread
[27.859s] INFO:colcon.colcon_core.plugin_system:Skipping extension 'colcon_notification.desktop_notification.notify_send': Could not find 'notify-send'
[27.859s] INFO:colcon.colcon_core.plugin_system:Skipping extension 'colcon_notification.desktop_notification.terminal_notifier': Not used on non-Darwin systems
[27.859s] INFO:colcon.colcon_core.plugin_system:Skipping extension 'colcon_notification.desktop_notification.win32': Not used on non-Windows systems
[27.859s] INFO:colcon.colcon_notification.desktop_notification:Sending desktop notification using 'notify2'
[27.861s] DEBUG:colcon.colcon_notification.desktop_notification.notify2:Failed to initialize notify2: org.freedesktop.DBus.Error.ServiceUnknown: The name org.freedesktop.Notifications was not provided by any .service files
[27.862s] DEBUG:colcon.colcon_core.event_reactor:joined thread
[28.027s] INFO:colcon.colcon_core.shell:Creating prefix script '/home/ubuntu/ros2_ws/install/local_setup.ps1'
[28.030s] INFO:colcon.colcon_core.shell:Creating prefix util module '/home/ubuntu/ros2_ws/install/_local_setup_util_ps1.py'
[28.035s] INFO:colcon.colcon_core.shell:Creating prefix chain script '/home/ubuntu/ros2_ws/install/setup.ps1'
[28.253s] INFO:colcon.colcon_core.shell:Creating prefix script '/home/ubuntu/ros2_ws/install/local_setup.sh'
[28.255s] INFO:colcon.colcon_core.shell:Creating prefix util module '/home/ubuntu/ros2_ws/install/_local_setup_util_sh.py'
[28.257s] INFO:colcon.colcon_core.shell:Creating prefix chain script '/home/ubuntu/ros2_ws/install/setup.sh'
[28.475s] INFO:colcon.colcon_core.shell:Creating prefix script '/home/ubuntu/ros2_ws/install/local_setup.bash'
[28.477s] INFO:colcon.colcon_core.shell:Creating prefix chain script '/home/ubuntu/ros2_ws/install/setup.bash'
[28.692s] INFO:colcon.colcon_core.shell:Creating prefix script '/home/ubuntu/ros2_ws/install/local_setup.zsh'
[28.694s] INFO:colcon.colcon_core.shell:Creating prefix chain script '/home/ubuntu/ros2_ws/install/setup.zsh'
