[10.057s] Invoking command in '/home/ubuntu/ros2_ws/src/py_pubsub': PYTHONPATH=/home/ubuntu/ros2_ws/build/py_pubsub/prefix_override:/home/ubuntu/ros2_ws/install/py_pubsub/lib/python3.8/site-packages:${PYTHONPATH} /usr/bin/python3 setup.py egg_info --egg-base ../../build/py_pubsub build --build-base /home/ubuntu/ros2_ws/build/py_pubsub/build install --record /home/ubuntu/ros2_ws/build/py_pubsub/install.log --install-scripts $base/lib/py_pubsub --single-version-externally-managed
[13.616s] running egg_info
[13.618s] writing ../../build/py_pubsub/py_pubsub.egg-info/PKG-INFO
[13.619s] writing dependency_links to ../../build/py_pubsub/py_pubsub.egg-info/dependency_links.txt
[13.620s] writing entry points to ../../build/py_pubsub/py_pubsub.egg-info/entry_points.txt
[13.621s] writing requirements to ../../build/py_pubsub/py_pubsub.egg-info/requires.txt
[13.621s] writing top-level names to ../../build/py_pubsub/py_pubsub.egg-info/top_level.txt
[13.812s] reading manifest file '../../build/py_pubsub/py_pubsub.egg-info/SOURCES.txt'
[13.815s] writing manifest file '../../build/py_pubsub/py_pubsub.egg-info/SOURCES.txt'
[13.816s] running build
[13.816s] running build_py
[13.816s] copying py_pubsub/publisher_member_function.py -> /home/ubuntu/ros2_ws/build/py_pubsub/build/lib/py_pubsub
[13.818s] running install
[13.830s] running install_lib
[13.833s] copying /home/ubuntu/ros2_ws/build/py_pubsub/build/lib/py_pubsub/publisher_member_function.py -> /home/ubuntu/ros2_ws/install/py_pubsub/lib/python3.8/site-packages/py_pubsub
[13.844s] byte-compiling /home/ubuntu/ros2_ws/install/py_pubsub/lib/python3.8/site-packages/py_pubsub/publisher_member_function.py to publisher_member_function.cpython-38.pyc
[13.850s] running install_data
[13.852s] running install_egg_info
[13.866s] removing '/home/ubuntu/ros2_ws/install/py_pubsub/lib/python3.8/site-packages/py_pubsub-0.0.0-py3.8.egg-info' (and everything under it)
[13.867s] Copying ../../build/py_pubsub/py_pubsub.egg-info to /home/ubuntu/ros2_ws/install/py_pubsub/lib/python3.8/site-packages/py_pubsub-0.0.0-py3.8.egg-info
[13.871s] running install_scripts
[13.996s] Installing listener script to /home/ubuntu/ros2_ws/install/py_pubsub/lib/py_pubsub
[13.997s] Installing talker script to /home/ubuntu/ros2_ws/install/py_pubsub/lib/py_pubsub
[13.998s] writing list of installed files to '/home/ubuntu/ros2_ws/build/py_pubsub/install.log'
[14.074s] Invoked command in '/home/ubuntu/ros2_ws/src/py_pubsub' returned '0': PYTHONPATH=/home/ubuntu/ros2_ws/build/py_pubsub/prefix_override:/home/ubuntu/ros2_ws/install/py_pubsub/lib/python3.8/site-packages:${PYTHONPATH} /usr/bin/python3 setup.py egg_info --egg-base ../../build/py_pubsub build --build-base /home/ubuntu/ros2_ws/build/py_pubsub/build install --record /home/ubuntu/ros2_ws/build/py_pubsub/install.log --install-scripts $base/lib/py_pubsub --single-version-externally-managed
