[10.365s] DEBUG:colcon:Command line arguments: ['/usr/bin/colcon', 'build', '--packages-select', 'py_serialinput']
[10.365s] DEBUG:colcon:Parsed command line arguments: Namespace(allow_overriding=[], ament_cmake_args=None, base_paths=['.'], build_base='build', catkin_cmake_args=None, catkin_skip_building_tests=False, cmake_args=None, cmake_clean_cache=False, cmake_clean_first=False, cmake_force_configure=False, cmake_target=None, cmake_target_skip_unavailable=False, continue_on_error=False, event_handlers=None, executor='parallel', ignore_user_meta=False, install_base='install', log_base=None, log_level=None, main=<bound method BuildVerb.main of <colcon_core.verb.build.BuildVerb object at 0xb5f18fb8>>, merge_install=False, metas=['./colcon.meta'], packages_above=None, packages_above_and_dependencies=None, packages_above_depth=None, packages_end=None, packages_ignore=None, packages_ignore_regex=None, packages_select=['py_serialinput'], packages_select_build_failed=False, packages_select_by_dep=None, packages_select_regex=None, packages_select_test_failures=False, packages_skip=None, packages_skip_build_finished=False, packages_skip_by_dep=None, packages_skip_regex=None, packages_skip_test_passed=False, packages_skip_up_to=None, packages_start=None, packages_up_to=None, packages_up_to_regex=None, parallel_workers=4, paths=None, symlink_install=False, test_result_base=None, verb_extension=<colcon_core.verb.build.BuildVerb object at 0xb5f18fb8>, verb_name='build', verb_parser=<colcon_defaults.argument_parser.defaults.DefaultArgumentsDecorator object at 0xb5c31b50>)
[10.866s] Level 1:colcon.colcon_core.package_discovery:discover_packages(colcon_meta) check parameters
[10.866s] Level 1:colcon.colcon_core.package_discovery:discover_packages(recursive) check parameters
[10.866s] Level 1:colcon.colcon_core.package_discovery:discover_packages(ignore) check parameters
[10.867s] Level 1:colcon.colcon_core.package_discovery:discover_packages(path) check parameters
[10.867s] Level 1:colcon.colcon_core.package_discovery:discover_packages(colcon_meta) discover
[10.867s] Level 1:colcon.colcon_core.package_discovery:discover_packages(recursive) discover
[10.867s] INFO:colcon.colcon_core.package_discovery:Crawling recursively for packages in '/home/ubuntu/ros2_ws'
[10.867s] Level 1:colcon.colcon_core.package_identification:_identify(.) by extensions ['ignore', 'ignore_ament_install']
[10.868s] Level 1:colcon.colcon_core.package_identification:_identify(.) by extension 'ignore'
[10.868s] Level 1:colcon.colcon_core.package_identification:_identify(.) by extension 'ignore_ament_install'
[10.868s] Level 1:colcon.colcon_core.package_identification:_identify(.) by extensions ['colcon_pkg']
[10.868s] Level 1:colcon.colcon_core.package_identification:_identify(.) by extension 'colcon_pkg'
[10.868s] Level 1:colcon.colcon_core.package_identification:_identify(.) by extensions ['colcon_meta']
[10.868s] Level 1:colcon.colcon_core.package_identification:_identify(.) by extension 'colcon_meta'
[10.869s] Level 1:colcon.colcon_core.package_identification:_identify(.) by extensions ['ros']
[10.869s] Level 1:colcon.colcon_core.package_identification:_identify(.) by extension 'ros'
[10.919s] Level 1:colcon.colcon_core.package_identification:_identify(.) by extensions ['cmake', 'python']
[10.920s] Level 1:colcon.colcon_core.package_identification:_identify(.) by extension 'cmake'
[10.920s] Level 1:colcon.colcon_core.package_identification:_identify(.) by extension 'python'
[10.920s] Level 1:colcon.colcon_core.package_identification:_identify(.) by extensions ['python_setup_py']
[10.920s] Level 1:colcon.colcon_core.package_identification:_identify(.) by extension 'python_setup_py'
[10.921s] Level 1:colcon.colcon_core.package_identification:_identify(build) by extensions ['ignore', 'ignore_ament_install']
[10.921s] Level 1:colcon.colcon_core.package_identification:_identify(build) by extension 'ignore'
[10.921s] Level 1:colcon.colcon_core.package_identification:_identify(build) ignored
[10.922s] Level 1:colcon.colcon_core.package_identification:_identify(install) by extensions ['ignore', 'ignore_ament_install']
[10.922s] Level 1:colcon.colcon_core.package_identification:_identify(install) by extension 'ignore'
[10.922s] Level 1:colcon.colcon_core.package_identification:_identify(install) ignored
[10.922s] Level 1:colcon.colcon_core.package_identification:_identify(log) by extensions ['ignore', 'ignore_ament_install']
[10.923s] Level 1:colcon.colcon_core.package_identification:_identify(log) by extension 'ignore'
[10.923s] Level 1:colcon.colcon_core.package_identification:_identify(log) ignored
[10.923s] Level 1:colcon.colcon_core.package_identification:_identify(src) by extensions ['ignore', 'ignore_ament_install']
[10.923s] Level 1:colcon.colcon_core.package_identification:_identify(src) by extension 'ignore'
[10.924s] Level 1:colcon.colcon_core.package_identification:_identify(src) by extension 'ignore_ament_install'
[10.924s] Level 1:colcon.colcon_core.package_identification:_identify(src) by extensions ['colcon_pkg']
[10.924s] Level 1:colcon.colcon_core.package_identification:_identify(src) by extension 'colcon_pkg'
[10.924s] Level 1:colcon.colcon_core.package_identification:_identify(src) by extensions ['colcon_meta']
[10.924s] Level 1:colcon.colcon_core.package_identification:_identify(src) by extension 'colcon_meta'
[10.924s] Level 1:colcon.colcon_core.package_identification:_identify(src) by extensions ['ros']
[10.924s] Level 1:colcon.colcon_core.package_identification:_identify(src) by extension 'ros'
[10.925s] Level 1:colcon.colcon_core.package_identification:_identify(src) by extensions ['cmake', 'python']
[10.925s] Level 1:colcon.colcon_core.package_identification:_identify(src) by extension 'cmake'
[10.925s] Level 1:colcon.colcon_core.package_identification:_identify(src) by extension 'python'
[10.925s] Level 1:colcon.colcon_core.package_identification:_identify(src) by extensions ['python_setup_py']
[10.925s] Level 1:colcon.colcon_core.package_identification:_identify(src) by extension 'python_setup_py'
[10.926s] Level 1:colcon.colcon_core.package_identification:_identify(src/py_serialinput) by extensions ['ignore', 'ignore_ament_install']
[10.926s] Level 1:colcon.colcon_core.package_identification:_identify(src/py_serialinput) by extension 'ignore'
[10.926s] Level 1:colcon.colcon_core.package_identification:_identify(src/py_serialinput) by extension 'ignore_ament_install'
[10.926s] Level 1:colcon.colcon_core.package_identification:_identify(src/py_serialinput) by extensions ['colcon_pkg']
[10.927s] Level 1:colcon.colcon_core.package_identification:_identify(src/py_serialinput) by extension 'colcon_pkg'
[10.927s] Level 1:colcon.colcon_core.package_identification:_identify(src/py_serialinput) by extensions ['colcon_meta']
[10.927s] Level 1:colcon.colcon_core.package_identification:_identify(src/py_serialinput) by extension 'colcon_meta'
[10.927s] Level 1:colcon.colcon_core.package_identification:_identify(src/py_serialinput) by extensions ['ros']
[10.927s] Level 1:colcon.colcon_core.package_identification:_identify(src/py_serialinput) by extension 'ros'
[10.937s] DEBUG:colcon.colcon_core.package_identification:Package 'src/py_serialinput' with type 'ros.ament_python' and name 'py_serialinput'
[10.938s] Level 1:colcon.colcon_core.package_discovery:discover_packages(recursive) using defaults
[10.938s] Level 1:colcon.colcon_core.package_discovery:discover_packages(ignore) discover
[10.938s] Level 1:colcon.colcon_core.package_discovery:discover_packages(ignore) using defaults
[10.938s] Level 1:colcon.colcon_core.package_discovery:discover_packages(path) discover
[10.938s] Level 1:colcon.colcon_core.package_discovery:discover_packages(path) using defaults
[11.931s] Level 1:colcon.colcon_core.package_discovery:discover_packages(prefix_path) check parameters
[11.931s] Level 1:colcon.colcon_core.package_discovery:discover_packages(prefix_path) discover
[12.307s] DEBUG:colcon.colcon_installed_package_information.package_discovery:Found 2 installed packages in /home/ubuntu/ros2_ws/install
[12.507s] DEBUG:colcon.colcon_installed_package_information.package_discovery:Found 311 installed packages in /home/ubuntu/ros2_foxy/install
[12.516s] Level 1:colcon.colcon_core.package_discovery:discover_packages(prefix_path) using defaults
[12.949s] Level 5:colcon.colcon_core.verb:set package 'py_serialinput' build argument 'cmake_args' from command line to 'None'
[12.950s] Level 5:colcon.colcon_core.verb:set package 'py_serialinput' build argument 'cmake_target' from command line to 'None'
[12.950s] Level 5:colcon.colcon_core.verb:set package 'py_serialinput' build argument 'cmake_target_skip_unavailable' from command line to 'False'
[12.950s] Level 5:colcon.colcon_core.verb:set package 'py_serialinput' build argument 'cmake_clean_cache' from command line to 'False'
[12.950s] Level 5:colcon.colcon_core.verb:set package 'py_serialinput' build argument 'cmake_clean_first' from command line to 'False'
[12.950s] Level 5:colcon.colcon_core.verb:set package 'py_serialinput' build argument 'cmake_force_configure' from command line to 'False'
[12.950s] Level 5:colcon.colcon_core.verb:set package 'py_serialinput' build argument 'ament_cmake_args' from command line to 'None'
[12.950s] Level 5:colcon.colcon_core.verb:set package 'py_serialinput' build argument 'catkin_cmake_args' from command line to 'None'
[12.950s] Level 5:colcon.colcon_core.verb:set package 'py_serialinput' build argument 'catkin_skip_building_tests' from command line to 'False'
[12.950s] DEBUG:colcon.colcon_core.verb:Building package 'py_serialinput' with the following arguments: {'ament_cmake_args': None, 'build_base': '/home/ubuntu/ros2_ws/build/py_serialinput', 'catkin_cmake_args': None, 'catkin_skip_building_tests': False, 'cmake_args': None, 'cmake_clean_cache': False, 'cmake_clean_first': False, 'cmake_force_configure': False, 'cmake_target': None, 'cmake_target_skip_unavailable': False, 'install_base': '/home/ubuntu/ros2_ws/install/py_serialinput', 'merge_install': False, 'path': '/home/ubuntu/ros2_ws/src/py_serialinput', 'symlink_install': False, 'test_result_base': None}
[13.111s] INFO:colcon.colcon_core.executor:Executing jobs using 'parallel' executor
[13.273s] DEBUG:colcon.colcon_parallel_executor.executor.parallel:run_until_complete
[13.273s] INFO:colcon.colcon_ros.task.ament_python.build:Building ROS package in '/home/ubuntu/ros2_ws/src/py_serialinput' with build type 'ament_python'
[13.274s] Level 1:colcon.colcon_core.shell:create_environment_hook('py_serialinput', 'ament_prefix_path')
[13.467s] INFO:colcon.colcon_core.plugin_system:Skipping extension 'colcon_core.shell.bat': Not used on non-Windows systems
[13.468s] INFO:colcon.colcon_core.shell:Creating environment hook '/home/ubuntu/ros2_ws/install/py_serialinput/share/py_serialinput/hook/ament_prefix_path.ps1'
[13.470s] INFO:colcon.colcon_core.shell:Creating environment descriptor '/home/ubuntu/ros2_ws/install/py_serialinput/share/py_serialinput/hook/ament_prefix_path.dsv'
[13.471s] INFO:colcon.colcon_core.shell:Creating environment hook '/home/ubuntu/ros2_ws/install/py_serialinput/share/py_serialinput/hook/ament_prefix_path.sh'
[13.641s] INFO:colcon.colcon_core.shell:Skip shell extension 'powershell' for command environment: Not usable outside of PowerShell
[13.642s] DEBUG:colcon.colcon_core.shell:Skip shell extension 'dsv' for command environment
[17.816s] INFO:colcon.colcon_core.task.python.build:Building Python package in '/home/ubuntu/ros2_ws/src/py_serialinput'
[18.022s] INFO:colcon.colcon_core.shell:Skip shell extension 'powershell' for command environment: Not usable outside of PowerShell
[18.022s] DEBUG:colcon.colcon_core.shell:Skip shell extension 'dsv' for command environment
[23.147s] DEBUG:colcon.colcon_core.event_handler.log_command:Invoking command in '/home/ubuntu/ros2_ws/src/py_serialinput': PYTHONPATH=/home/ubuntu/ros2_ws/build/py_serialinput/prefix_override:/home/ubuntu/ros2_ws/install/py_serialinput/lib/python3.8/site-packages:${PYTHONPATH} /usr/bin/python3 setup.py egg_info --egg-base ../../build/py_serialinput build --build-base /home/ubuntu/ros2_ws/build/py_serialinput/build install --record /home/ubuntu/ros2_ws/build/py_serialinput/install.log --install-scripts $base/lib/py_serialinput --single-version-externally-managed
[27.111s] DEBUG:colcon.colcon_core.event_handler.log_command:Invoked command in '/home/ubuntu/ros2_ws/src/py_serialinput' returned '0': PYTHONPATH=/home/ubuntu/ros2_ws/build/py_serialinput/prefix_override:/home/ubuntu/ros2_ws/install/py_serialinput/lib/python3.8/site-packages:${PYTHONPATH} /usr/bin/python3 setup.py egg_info --egg-base ../../build/py_serialinput build --build-base /home/ubuntu/ros2_ws/build/py_serialinput/build install --record /home/ubuntu/ros2_ws/build/py_serialinput/install.log --install-scripts $base/lib/py_serialinput --single-version-externally-managed
[27.310s] Level 1:colcon.colcon_core.environment:checking '/home/ubuntu/ros2_ws/install/py_serialinput' for CMake module files
[27.312s] Level 1:colcon.colcon_core.environment:checking '/home/ubuntu/ros2_ws/install/py_serialinput' for CMake config files
[27.314s] Level 1:colcon.colcon_core.environment:checking '/home/ubuntu/ros2_ws/install/py_serialinput/lib'
[27.315s] Level 1:colcon.colcon_core.environment:checking '/home/ubuntu/ros2_ws/install/py_serialinput/bin'
[27.315s] Level 1:colcon.colcon_core.environment:checking '/home/ubuntu/ros2_ws/install/py_serialinput/lib/pkgconfig/py_serialinput.pc'
[27.316s] Level 1:colcon.colcon_core.environment:checking '/home/ubuntu/ros2_ws/install/py_serialinput/lib/python3.8/site-packages'
[27.316s] Level 1:colcon.colcon_core.shell:create_environment_hook('py_serialinput', 'pythonpath')
[27.486s] INFO:colcon.colcon_core.shell:Creating environment hook '/home/ubuntu/ros2_ws/install/py_serialinput/share/py_serialinput/hook/pythonpath.ps1'
[27.487s] INFO:colcon.colcon_core.shell:Creating environment descriptor '/home/ubuntu/ros2_ws/install/py_serialinput/share/py_serialinput/hook/pythonpath.dsv'
[27.488s] INFO:colcon.colcon_core.shell:Creating environment hook '/home/ubuntu/ros2_ws/install/py_serialinput/share/py_serialinput/hook/pythonpath.sh'
[27.491s] Level 1:colcon.colcon_core.environment:checking '/home/ubuntu/ros2_ws/install/py_serialinput/bin'
[27.491s] Level 1:colcon.colcon_core.environment:create_environment_scripts_only(py_serialinput)
[27.660s] INFO:colcon.colcon_core.shell:Creating package script '/home/ubuntu/ros2_ws/install/py_serialinput/share/py_serialinput/package.ps1'
[27.663s] INFO:colcon.colcon_core.shell:Creating package descriptor '/home/ubuntu/ros2_ws/install/py_serialinput/share/py_serialinput/package.dsv'
[27.665s] INFO:colcon.colcon_core.shell:Creating package script '/home/ubuntu/ros2_ws/install/py_serialinput/share/py_serialinput/package.sh'
[27.668s] INFO:colcon.colcon_core.shell:Creating package script '/home/ubuntu/ros2_ws/install/py_serialinput/share/py_serialinput/package.bash'
[27.671s] INFO:colcon.colcon_core.shell:Creating package script '/home/ubuntu/ros2_ws/install/py_serialinput/share/py_serialinput/package.zsh'
[27.677s] Level 1:colcon.colcon_core.environment:create_file_with_runtime_dependencies(/home/ubuntu/ros2_ws/install/py_serialinput/share/colcon-core/packages/py_serialinput)
[27.678s] DEBUG:colcon.colcon_parallel_executor.executor.parallel:closing loop
[27.680s] DEBUG:colcon.colcon_parallel_executor.executor.parallel:loop closed
[27.680s] DEBUG:colcon.colcon_parallel_executor.executor.parallel:run_until_complete finished with '0'
[27.681s] DEBUG:colcon.colcon_core.event_reactor:joining thread
[27.906s] INFO:colcon.colcon_core.plugin_system:Skipping extension 'colcon_notification.desktop_notification.notify_send': Could not find 'notify-send'
[27.906s] INFO:colcon.colcon_core.plugin_system:Skipping extension 'colcon_notification.desktop_notification.terminal_notifier': Not used on non-Darwin systems
[27.906s] INFO:colcon.colcon_core.plugin_system:Skipping extension 'colcon_notification.desktop_notification.win32': Not used on non-Windows systems
[27.906s] INFO:colcon.colcon_notification.desktop_notification:Sending desktop notification using 'notify2'
[27.909s] DEBUG:colcon.colcon_notification.desktop_notification.notify2:Failed to initialize notify2: org.freedesktop.DBus.Error.ServiceUnknown: The name org.freedesktop.Notifications was not provided by any .service files
[27.909s] DEBUG:colcon.colcon_core.event_reactor:joined thread
[28.076s] INFO:colcon.colcon_core.shell:Creating prefix script '/home/ubuntu/ros2_ws/install/local_setup.ps1'
[28.079s] INFO:colcon.colcon_core.shell:Creating prefix util module '/home/ubuntu/ros2_ws/install/_local_setup_util_ps1.py'
[28.085s] INFO:colcon.colcon_core.shell:Creating prefix chain script '/home/ubuntu/ros2_ws/install/setup.ps1'
[28.303s] INFO:colcon.colcon_core.shell:Creating prefix script '/home/ubuntu/ros2_ws/install/local_setup.sh'
[28.306s] INFO:colcon.colcon_core.shell:Creating prefix util module '/home/ubuntu/ros2_ws/install/_local_setup_util_sh.py'
[28.308s] INFO:colcon.colcon_core.shell:Creating prefix chain script '/home/ubuntu/ros2_ws/install/setup.sh'
[28.535s] INFO:colcon.colcon_core.shell:Creating prefix script '/home/ubuntu/ros2_ws/install/local_setup.bash'
[28.537s] INFO:colcon.colcon_core.shell:Creating prefix chain script '/home/ubuntu/ros2_ws/install/setup.bash'
[28.759s] INFO:colcon.colcon_core.shell:Creating prefix script '/home/ubuntu/ros2_ws/install/local_setup.zsh'
[28.761s] INFO:colcon.colcon_core.shell:Creating prefix chain script '/home/ubuntu/ros2_ws/install/setup.zsh'
